#                                                                    --- full sequence ---- --- best 1 domain ---- --- domain number estimation ----
# target name             accession  query name           accession    E-value  score  bias   E-value  score  bias   exp reg clu  ov env dom rep inc description of target
#     ------------------- ---------- -------------------- ---------- --------- ------ ----- --------- ------ -----   --- --- --- --- --- --- --- --- ---------------------
sp|Q868Z9|PPN_DROME       -          pdb_kunitz_rp_strali -           1.5e-196  632.8 182.2   8.6e-20   66.7   6.1  14.1  13   1   1  14  14  12  12 Papilin OS=Drosophila melanogaster OX=7227 GN=Ppn PE=1 SV=2
sp|O76840|PPN1_CAEEL      -          pdb_kunitz_rp_strali -             8e-183  588.8 148.1   2.1e-20   68.7   4.7  13.5  12   1   1  13  13  11  11 Papilin OS=Caenorhabditis elegans OX=6239 GN=mig-6 PE=1 SV=1
sp|A0A6P8HC43|ATPI1_ACTTE -          pdb_kunitz_rp_strali -            7.6e-96  310.3  65.6   2.2e-26   87.8   8.6   4.1   4   0   0   4   4   4   4 Actinia tenebrosa protease inhibitors OS=Actinia tenebrosa OX=6105 PE=1 SV=1
sp|P48307|TFPI2_HUMAN     -          pdb_kunitz_rp_strali -            7.3e-54  175.8  32.9   1.2e-25   85.4   5.3   3.1   3   0   0   3   3   3   3 Tissue factor pathway inhibitor 2 OS=Homo sapiens OX=9606 GN=TFPI2 PE=1 SV=1
sp|P86733|KCP_HALAI       -          pdb_kunitz_rp_strali -            5.9e-49  160.1  20.7   2.9e-25   84.2   6.1   2.0   2   0   0   2   2   2   2 BPTI/Kunitz domain-containing protein (Fragment) OS=Haliotis asinina OX=109174 PE=1 SV=1
sp|W4VSH9|VKT1_TRILK      -          pdb_kunitz_rp_strali -            5.6e-47  153.8  19.9   5.1e-25   83.4   5.6   2.2   2   0   0   2   2   2   2 Kunitz-type U19-barytoxin-Tl1a OS=Trittame loki OX=1295018 PE=2 SV=2
sp|Q8WPI3|KUNIG_RHIMP     -          pdb_kunitz_rp_strali -            4.5e-46  150.9  22.6   6.7e-26   86.3   7.7   2.1   2   0   0   2   2   2   2 Boophilin-G2 OS=Rhipicephalus microplus OX=6941 PE=1 SV=1
sp|Q9WU03|SPIT2_MOUSE     -          pdb_kunitz_rp_strali -            1.1e-44  146.4  17.9   2.5e-24   81.2   3.0   2.2   2   0   0   2   2   2   2 Kunitz-type protease inhibitor 2 OS=Mus musculus OX=10090 GN=Spint2 PE=1 SV=1
sp|Q5VJG2|KUNI_AMBHE      -          pdb_kunitz_rp_strali -            1.1e-42  140.0  23.7   5.1e-23   77.0   7.5   2.2   2   0   0   2   2   2   2 Amblin OS=Amblyomma hebraeum OX=34608 PE=1 SV=1
sp|O43278|SPIT1_HUMAN     -          pdb_kunitz_rp_strali -            1.4e-42  139.7  19.0   2.2e-23   78.2   5.3   2.6   2   0   0   2   2   2   2 Kunitz-type protease inhibitor 1 OS=Homo sapiens OX=9606 GN=SPINT1 PE=1 SV=2
sp|Q9R097|SPIT1_MOUSE     -          pdb_kunitz_rp_strali -            9.8e-41  133.8  25.4   6.3e-22   73.5   6.4   2.6   2   0   0   2   2   2   2 Kunitz-type protease inhibitor 1 OS=Mus musculus OX=10090 GN=Spint1 PE=1 SV=2
sp|P00978|AMBP_BOVIN      -          pdb_kunitz_rp_strali -            6.9e-40  131.0  21.2   1.3e-20   69.3   6.7   2.4   1   1   1   2   2   2   2 Protein AMBP OS=Bos taurus OX=9913 GN=AMBP PE=1 SV=2
sp|Q60559|AMBP_MESAU      -          pdb_kunitz_rp_strali -            8.9e-40  130.7  21.7   5.5e-21   70.5   6.2   2.3   1   1   1   2   2   2   2 Protein AMBP OS=Mesocricetus auratus OX=10036 GN=AMBP PE=1 SV=1
sp|P62756|IATR_CAPHI      -          pdb_kunitz_rp_strali -            1.4e-39  130.1  23.2   2.3e-21   71.7   5.5   2.0   1   1   1   2   2   2   2 Inter-alpha-trypsin inhibitor (Fragment) OS=Capra hircus OX=9925 PE=1 SV=1
sp|P02760|AMBP_HUMAN      -          pdb_kunitz_rp_strali -            1.6e-39  129.9  20.2     7e-22   73.4   4.3   2.3   1   1   1   2   2   2   2 Protein AMBP OS=Homo sapiens OX=9606 GN=AMBP PE=1 SV=1
sp|Q62577|AMBP_MERUN      -          pdb_kunitz_rp_strali -            4.5e-39  128.4  20.9     5e-21   70.6   7.4   2.3   1   1   1   2   2   2   2 Protein AMBP OS=Meriones unguiculatus OX=10047 GN=AMBP PE=2 SV=1
sp|Q08E66|WFKN2_BOVIN     -          pdb_kunitz_rp_strali -            6.2e-39  128.0  14.7   1.6e-24   81.8   3.3   3.0   2   0   0   2   2   2   2 WAP, Kazal, immunoglobulin, Kunitz and NTR domain-containing protein 2 OS=Bos taurus OX=9913 GN=WFIKKN2 PE=2 SV=1
sp|Q7TQN3|WFKN2_MOUSE     -          pdb_kunitz_rp_strali -            5.6e-37  121.7  10.9   4.7e-24   80.3   1.9   3.0   2   0   0   2   2   2   2 WAP, Kazal, immunoglobulin, Kunitz and NTR domain-containing protein 2 OS=Mus musculus OX=10090 GN=Wfikkn2 PE=1 SV=2
sp|Q90WA1|VKT1_PSETT      -          pdb_kunitz_rp_strali -            2.2e-29   97.4   5.0   2.5e-29   97.2   5.0   1.0   1   0   0   1   1   1   1 Kunitz-type serine protease inhibitor textilinin-1 OS=Pseudonaja textilis textilis OX=169397 PE=1 SV=1
sp|P00975|IBPS_BOVIN      -          pdb_kunitz_rp_strali -            8.3e-29   95.6   7.7   8.9e-29   95.5   7.7   1.0   1   0   0   1   1   1   1 Serum basic protease inhibitor OS=Bos taurus OX=9913 PE=1 SV=1
sp|Q6ITB9|VKT3_PSEAU      -          pdb_kunitz_rp_strali -            1.2e-28   95.0   5.2   1.4e-28   94.8   5.2   1.0   1   0   0   1   1   1   1 Kunitz-type serine protease inhibitor mulgin-3 OS=Pseudechis australis OX=8670 PE=2 SV=1
sp|P0DMJ6|VKT12_DENAN     -          pdb_kunitz_rp_strali -            2.1e-28   94.3   6.1   2.2e-28   94.2   6.1   1.0   1   0   0   1   1   1   1 Kunitz-type serine protease inhibitor dendrotoxin DaE1 OS=Dendroaspis angusticeps OX=8618 PE=1 SV=1
sp|Q7LZS8|VKTRE_DENAN     -          pdb_kunitz_rp_strali -            2.1e-28   94.3   6.1   2.2e-28   94.2   6.1   1.0   1   0   0   1   1   1   1 Kunitz-type serine protease inhibitor long epsilon-dendrotoxin Arg55 OS=Dendroaspis angusticeps OX=8618 PE=1 SV=1
sp|Q96NZ8|WFKN1_HUMAN     -          pdb_kunitz_rp_strali -            3.1e-28   93.7   3.8     1e-20   69.6   0.5   2.8   2   0   0   2   2   2   2 WAP, Kazal, immunoglobulin, Kunitz and NTR domain-containing protein 1 OS=Homo sapiens OX=9606 GN=WFIKKN1 PE=1 SV=1
sp|Q6T6T5|VKT1_BITGA      -          pdb_kunitz_rp_strali -            3.5e-28   93.6   8.7     4e-28   93.4   8.7   1.1   1   0   0   1   1   1   1 Kunitz-type serine protease inhibitor bitisilin-1 OS=Bitis gabonica OX=8694 PE=1 SV=1
sp|P0DV05|VKT2O_RADCR     -          pdb_kunitz_rp_strali -            3.5e-28   93.6   3.4   3.7e-28   93.5   3.4   1.0   1   0   0   1   1   1   1 PI-stichotoxin-Hcr2o OS=Radianthus crispa OX=3122430 PE=3 SV=1
sp|Q7LZE3|VKTHE_DENAN     -          pdb_kunitz_rp_strali -            5.1e-28   93.0   5.9   5.4e-28   93.0   5.9   1.0   1   0   0   1   1   1   1 Kunitz-type serine protease inhibitor long epsilon-dendrotoxin His55 OS=Dendroaspis angusticeps OX=8618 PE=1 SV=2
sp|P0DMW6|VKT3A_ACTEQ     -          pdb_kunitz_rp_strali -            6.3e-28   92.7  10.1   6.7e-28   92.7  10.1   1.0   1   0   0   1   1   1   1 PI-actitoxin-Aeq3a OS=Actinia equina OX=6106 PE=1 SV=1
sp|Q90W98|VKT4_PSETT      -          pdb_kunitz_rp_strali -            7.1e-28   92.6   6.8   8.1e-28   92.4   6.8   1.0   1   0   0   1   1   1   1 Kunitz-type serine protease inhibitor textilinin-4 OS=Pseudonaja textilis textilis OX=169397 PE=2 SV=1
sp|P04815|BPT2_BOVIN      -          pdb_kunitz_rp_strali -            8.9e-28   92.3   8.3   1.2e-27   91.9   8.3   1.2   1   0   0   1   1   1   1 Spleen trypsin inhibitor I OS=Bos taurus OX=9913 PE=1 SV=2
sp|B5L5R0|IVBI4_PSEPO     -          pdb_kunitz_rp_strali -            1.4e-27   91.6   6.7   1.6e-27   91.5   6.7   1.0   1   0   0   1   1   1   1 Blackelin-4 OS=Pseudechis porphyriacus OX=8671 PE=3 SV=1
sp|B5G6G6|VKT2_PSEPO      -          pdb_kunitz_rp_strali -            1.4e-27   91.6   6.7   1.6e-27   91.5   6.7   1.0   1   0   0   1   1   1   1 Kunitz-type serine protease inhibitor blackelin-2 OS=Pseudechis porphyriacus OX=8671 PE=2 SV=1
sp|Q6ITB0|VKT1_TROCA      -          pdb_kunitz_rp_strali -            1.4e-27   91.6   6.4   1.6e-27   91.4   6.4   1.0   1   0   0   1   1   1   1 Kunitz-type serine protease inhibitor carinatin-1 OS=Tropidechis carinatus OX=100989 PE=2 SV=1
sp|C0HK72|3API_HETMG      -          pdb_kunitz_rp_strali -            1.5e-27   91.5   4.1   1.6e-27   91.4   4.1   1.0   1   0   0   1   1   1   1 PI-stichotoxin-Hmg3a OS=Heteractis magnifica OX=38281 PE=1 SV=1
sp|P0DN06|VKT1A_ANEVI     -          pdb_kunitz_rp_strali -            1.8e-27   91.3   4.5   2.2e-27   91.0   4.5   1.1   1   0   0   1   1   1   1 U-actitoxin-Avd3f OS=Anemonia viridis OX=51769 PE=3 SV=1
sp|B5KF96|VKT2_CRYNI      -          pdb_kunitz_rp_strali -            1.9e-27   91.2   6.2   2.1e-27   91.1   6.2   1.0   1   0   0   1   1   1   1 Kunitz-type serine protease inhibitor nigrescinin-2 OS=Cryptophis nigrescens OX=292442 PE=2 SV=1
sp|P10280|VKT52_ANESU     -          pdb_kunitz_rp_strali -            2.1e-27   91.1   6.9   2.3e-27   90.9   6.9   1.0   1   0   0   1   1   1   1 KappaPI-actitoxin-Avd3a OS=Anemonia sulcata OX=6108 PE=1 SV=2
sp|B6RLX2|VKTCT_OPHHA     -          pdb_kunitz_rp_strali -            2.9e-27   90.6   6.8   3.3e-27   90.4   6.8   1.0   1   0   0   1   1   1   1 Kunitz-type serine protease inhibitor TCI OS=Ophiophagus hannah OX=8665 PE=1 SV=1
sp|Q90W99|VKT3_PSETT      -          pdb_kunitz_rp_strali -            3.2e-27   90.5   7.9   3.6e-27   90.3   7.9   1.0   1   0   0   1   1   1   1 Kunitz-type serine protease inhibitor textilinin-3 OS=Pseudonaja textilis textilis OX=169397 PE=2 SV=1
sp|B5KL36|VKT5_CRYNI      -          pdb_kunitz_rp_strali -            3.4e-27   90.4   7.5   3.8e-27   90.2   7.5   1.0   1   0   0   1   1   1   1 Kunitz-type serine protease inhibitor nigrescinin-5 OS=Cryptophis nigrescens OX=292442 PE=2 SV=1
sp|C0HLA7|MAMB4_DENVI     -          pdb_kunitz_rp_strali -            3.5e-27   90.4   9.1   3.7e-27   90.3   9.1   1.0   1   0   0   1   1   1   1 Mambaquaretin-4 OS=Dendroaspis viridis OX=8621 PE=1 SV=1
sp|P00982|VKTHD_DENAN     -          pdb_kunitz_rp_strali -            4.2e-27   90.1   6.9   4.4e-27   90.0   6.9   1.0   1   0   0   1   1   1   1 Kunitz-type serine protease inhibitor homolog delta-dendrotoxin OS=Dendroaspis angusticeps OX=8618 PE=1 SV=1
sp|P00991|VKT1_VIPAA      -          pdb_kunitz_rp_strali -            4.7e-27   89.9   8.0   5.4e-27   89.7   8.0   1.1   1   0   0   1   1   1   1 Kunitz-type serine protease inhibitor 1 OS=Vipera ammodytes ammodytes OX=8705 PE=1 SV=2
sp|P0DN08|VKT53_ANEVI     -          pdb_kunitz_rp_strali -            4.7e-27   89.9   6.9   5.9e-27   89.6   6.9   1.1   1   0   0   1   1   1   1 KappaPI-actitoxin-Avd3e OS=Anemonia viridis OX=51769 PE=3 SV=1
sp|P00986|VKT2_NAJNI      -          pdb_kunitz_rp_strali -            4.8e-27   89.9   4.4   5.1e-27   89.8   4.4   1.0   1   0   0   1   1   1   1 Kunitz-type serine protease inhibitor 2 OS=Naja nivea OX=8655 PE=1 SV=1
sp|B5L5R7|VKT2_HOPST      -          pdb_kunitz_rp_strali -            4.8e-27   89.9   8.1   5.4e-27   89.8   8.1   1.0   1   0   0   1   1   1   1 Kunitz-type serine protease inhibitor stephenin-2 OS=Hoplocephalus stephensii OX=196418 PE=3 SV=1
sp|P0DN09|VKT5_ANEVI      -          pdb_kunitz_rp_strali -            5.9e-27   89.6   6.8   7.3e-27   89.3   6.8   1.1   1   0   0   1   1   1   1 U-actitoxin-Avd3h OS=Anemonia viridis OX=51769 PE=3 SV=1
sp|P0DN11|VKT7_ANEVI      -          pdb_kunitz_rp_strali -            7.1e-27   89.4   5.7   8.8e-27   89.1   5.7   1.1   1   0   0   1   1   1   1 U-actitoxin-Avd3j OS=Anemonia viridis OX=51769 PE=3 SV=1
sp|P29216|A4_MACMU        -          pdb_kunitz_rp_strali -            7.2e-27   89.3   6.3   8.4e-27   89.1   6.3   1.1   1   0   0   1   1   1   1 Amyloid-beta precursor protein (Fragment) OS=Macaca mulatta OX=9544 GN=APP PE=2 SV=1
sp|C0HJF4|VKT2C_RADCR     -          pdb_kunitz_rp_strali -            8.4e-27   89.1   5.3   8.8e-27   89.1   5.3   1.0   1   0   0   1   1   1   1 TauPI-stichotoxin-Hcr2c OS=Radianthus crispa OX=3122430 PE=1 SV=1
sp|A0A1Z0YU59|MAMB1_DENAN -          pdb_kunitz_rp_strali -            1.1e-26   88.7   9.9   1.2e-26   88.6   9.9   1.0   1   0   0   1   1   1   1 Mambaquaretin-1 OS=Dendroaspis angusticeps OX=8618 PE=1 SV=2
sp|P31713|VKT1_STIHL      -          pdb_kunitz_rp_strali -            1.1e-26   88.7   7.9   1.2e-26   88.6   7.9   1.0   1   0   0   1   1   1   1 PI-stichotoxin-She2a OS=Stichodactyla helianthus OX=6123 PE=1 SV=1
sp|P86862|VKT1_ANTEL      -          pdb_kunitz_rp_strali -            1.2e-26   88.6   8.8   1.3e-26   88.5   8.8   1.0   1   0   0   1   1   1   1 KappaPI-actitoxin-Ael3a OS=Anthopleura elegantissima OX=6110 PE=1 SV=1
sp|C0HLA8|MAMB5_DENJA     -          pdb_kunitz_rp_strali -            1.4e-26   88.4   8.8   1.5e-26   88.4   8.8   1.0   1   0   0   1   1   1   1 Mambaquaretin-5 OS=Dendroaspis jamesoni kaimosae OX=8619 PE=1 SV=1
sp|P0DN12|VKT8_ANEVI      -          pdb_kunitz_rp_strali -            1.4e-26   88.4   5.7   1.7e-26   88.2   5.7   1.1   1   0   0   1   1   1   1 U-actitoxin-Avd3k OS=Anemonia viridis OX=51769 PE=3 SV=1
sp|P00981|VKTHK_DENPO     -          pdb_kunitz_rp_strali -            1.5e-26   88.3   4.8   1.8e-26   88.1   4.8   1.0   1   0   0   1   1   1   1 Kunitz-type serine protease inhibitor homolog dendrotoxin K (Fragment) OS=Dendroaspis polylepis polylepis OX=8620 PE=1 SV=2
sp|A8Y7N9|VKTC6_DABSI     -          pdb_kunitz_rp_strali -            1.6e-26   88.2   8.9   1.9e-26   88.0   8.9   1.1   1   0   0   1   1   1   1 Kunitz-type serine protease inhibitor C6 OS=Daboia siamensis OX=343250 PE=2 SV=1
sp|B5L5R4|IVBI4_NOTSC     -          pdb_kunitz_rp_strali -            2.3e-26   87.8   4.6   2.6e-26   87.6   4.6   1.0   1   0   0   1   1   1   1 Tigerin-4 OS=Notechis scutatus scutatus OX=70142 PE=3 SV=1
sp|P00994|ISIK_HELPO      -          pdb_kunitz_rp_strali -            2.5e-26   87.6   9.8   2.6e-26   87.5   9.8   1.0   1   0   0   1   1   1   1 Isoinhibitor K OS=Helix pomatia OX=6536 PE=1 SV=1
sp|A6MFL4|VKT4_DEMVE      -          pdb_kunitz_rp_strali -            2.5e-26   87.6   7.5   2.8e-26   87.5   7.5   1.0   1   0   0   1   1   1   1 Kunitz-type serine protease inhibitor vestiginin-4 OS=Demansia vestigiata OX=412038 PE=2 SV=1
sp|A0A6B7FEJ3|VKT2K_RADCR -          pdb_kunitz_rp_strali -            2.7e-26   87.5   6.9   2.7e-26   87.5   6.9   1.7   1   1   1   2   2   1   1 PI-stichotoxin-Hcr2k (Fragment) OS=Radianthus crispa OX=3122430 GN=iq1c9 PE=1 SV=1
sp|Q9TWF8|VKT3_ANESU      -          pdb_kunitz_rp_strali -            2.8e-26   87.5   6.7   3.1e-26   87.3   6.7   1.0   1   0   0   1   1   1   1 KappaPI-actitoxin-Avd3d OS=Anemonia sulcata OX=6108 PE=1 SV=1
sp|P0DN13|VKT9_ANEVI      -          pdb_kunitz_rp_strali -            2.8e-26   87.5   6.9   3.4e-26   87.2   6.9   1.1   1   0   0   1   1   1   1 U-actitoxin-Avd3l OS=Anemonia viridis OX=51769 PE=3 SV=1
sp|B5KL38|VKT1_AUSSU      -          pdb_kunitz_rp_strali -            3.2e-26   87.3   5.5   3.6e-26   87.1   5.5   1.0   1   0   0   1   1   1   1 Kunitz-type serine protease inhibitor superbin-1 OS=Austrelaps superbus OX=29156 PE=2 SV=1
sp|C1IC51|VKT3_WALAE      -          pdb_kunitz_rp_strali -            3.6e-26   87.1   4.9   4.2e-26   86.9   4.9   1.1   1   0   0   1   1   1   1 Protease inhibitor 3 OS=Walterinnesia aegyptia OX=64182 PE=3 SV=1
sp|A0A6B7FBD3|VKT2I_RADCR -          pdb_kunitz_rp_strali -            3.8e-26   87.0   7.0   3.8e-26   87.0   7.0   1.9   1   1   2   3   3   1   1 PI-stichotoxin-Hcr2i OS=Radianthus crispa OX=3122430 GN=iq2c1 PE=1 SV=1
sp|P81902|CSTI_BOMMO      -          pdb_kunitz_rp_strali -            3.9e-26   87.0   2.7   4.1e-26   86.9   2.7   1.0   1   0   0   1   1   1   1 Trypsin inhibitor OS=Bombyx mori OX=7091 PE=1 SV=1
sp|P0DKL8|VKT_VIPRE       -          pdb_kunitz_rp_strali -            5.2e-26   86.6   8.0   5.7e-26   86.5   8.0   1.0   1   0   0   1   1   1   1 Kunitz-type serine protease inhibitor Vur-KIn OS=Vipera renardi OX=927686 PE=1 SV=1
sp|P24541|VKT_ERIMA       -          pdb_kunitz_rp_strali -            5.6e-26   86.5   8.2   6.2e-26   86.4   8.2   1.0   1   0   0   1   1   1   1 Kunitz-type serine protease inhibitor OS=Eristicophis macmahoni OX=110227 PE=1 SV=1
sp|P12023|A4_MOUSE        -          pdb_kunitz_rp_strali -            5.8e-26   86.5   4.9   1.1e-25   85.6   4.9   1.5   1   0   0   1   1   1   1 Amyloid-beta precursor protein OS=Mus musculus OX=10090 GN=App PE=1 SV=3
sp|A6MFL1|VKT1_DEMVE      -          pdb_kunitz_rp_strali -            5.8e-26   86.4   5.6   6.6e-26   86.3   5.6   1.0   1   0   0   1   1   1   1 Kunitz-type serine protease inhibitor vestiginin-1 OS=Demansia vestigiata OX=412038 PE=2 SV=1
sp|Q6ITC1|VKTH1_PSEAU     -          pdb_kunitz_rp_strali -              6e-26   86.4   6.0   6.8e-26   86.2   6.0   1.0   1   0   0   1   1   1   1 Kunitz-type serine protease inhibitor homolog mulgin-1 OS=Pseudechis australis OX=8670 PE=2 SV=1
sp|P0DN10|VKT6_ANEVI      -          pdb_kunitz_rp_strali -            7.3e-26   86.1   7.7   9.1e-26   85.8   7.7   1.1   1   0   0   1   1   1   1 U-actitoxin-Avd3i OS=Anemonia viridis OX=51769 PE=3 SV=1
sp|B5KF94|VKT1_HOPST      -          pdb_kunitz_rp_strali -            7.6e-26   86.1   4.9   8.6e-26   85.9   4.9   1.0   1   0   0   1   1   1   1 Kunitz-type serine protease inhibitor stephenin-1 OS=Hoplocephalus stephensii OX=196418 PE=2 SV=1
sp|C0HJU6|VKT2F_RADCR     -          pdb_kunitz_rp_strali -            8.1e-26   86.0   5.0   8.5e-26   85.9   5.0   1.0   1   0   0   1   1   1   1 PI-stichotoxin-Hcr2f OS=Radianthus crispa OX=3122430 PE=1 SV=1
sp|B5L5Q8|VKT5_PSEAU      -          pdb_kunitz_rp_strali -            8.2e-26   86.0   6.0   9.3e-26   85.8   6.0   1.0   1   0   0   1   1   1   1 Kunitz-type serine protease inhibitor mulgin-5 OS=Pseudechis australis OX=8670 PE=3 SV=1
sp|B5KL31|VKT3_PSEPO      -          pdb_kunitz_rp_strali -            8.9e-26   85.9   5.6     1e-25   85.7   5.6   1.0   1   0   0   1   1   1   1 Kunitz-type serine protease inhibitor blackelin-3 OS=Pseudechis porphyriacus OX=8671 PE=2 SV=1
sp|P0DMJ4|VKTI3_ANTFU     -          pdb_kunitz_rp_strali -            9.4e-26   85.8   5.9   9.8e-26   85.7   5.9   1.0   1   0   0   1   1   1   1 PI-actitoxin-Afv2b OS=Anthopleura fuscoviridis OX=6111 PE=1 SV=1
sp|Q6ITB8|VKT4_PSEAU      -          pdb_kunitz_rp_strali -            9.5e-26   85.8   5.7   1.1e-25   85.6   5.7   1.0   1   0   0   1   1   1   1 Kunitz-type serine protease inhibitor mulgin-4 OS=Pseudechis australis OX=8670 PE=2 SV=1
sp|Q95241|A4_SAISC        -          pdb_kunitz_rp_strali -              1e-25   85.7   5.5     2e-25   84.7   5.5   1.5   1   0   0   1   1   1   1 Amyloid-beta precursor protein OS=Saimiri sciureus OX=9521 GN=APP PE=2 SV=1
sp|P05067|A4_HUMAN        -          pdb_kunitz_rp_strali -            1.1e-25   85.6   5.5     2e-25   84.7   5.5   1.4   1   0   0   1   1   1   1 Amyloid-beta precursor protein OS=Homo sapiens OX=9606 GN=APP PE=1 SV=3
sp|P53601|A4_MACFA        -          pdb_kunitz_rp_strali -            1.1e-25   85.6   5.5     2e-25   84.7   5.5   1.5   1   0   0   1   1   1   1 Amyloid-beta precursor protein OS=Macaca fascicularis OX=9541 GN=APP PE=2 SV=3
sp|P08592|A4_RAT          -          pdb_kunitz_rp_strali -            1.1e-25   85.6   5.5     2e-25   84.7   5.5   1.4   1   0   0   1   1   1   1 Amyloid-beta precursor protein OS=Rattus norvegicus OX=10116 GN=App PE=1 SV=2
sp|A8Y7N7|VKTC4_DABSI     -          pdb_kunitz_rp_strali -            1.8e-25   84.9   8.1     2e-25   84.7   8.1   1.1   1   0   0   1   1   1   1 Kunitz-type serine protease inhibitor C4 OS=Daboia siamensis OX=343250 PE=2 SV=1
sp|C1IC53|VKT4_WALAE      -          pdb_kunitz_rp_strali -              2e-25   84.7   8.5   2.5e-25   84.4   8.5   1.1   1   0   0   1   1   1   1 Protease inhibitor 4 OS=Walterinnesia aegyptia OX=64182 PE=1 SV=1
sp|B2KTG1|VKT_BUNFA       -          pdb_kunitz_rp_strali -            2.1e-25   84.7   7.4   2.5e-25   84.4   7.4   1.0   1   0   0   1   1   1   1 Kunitz-type serine protease inhibitor bungaruskunin OS=Bungarus fasciatus OX=8613 PE=1 SV=1
sp|P00976|IBPC_BOVIN      -          pdb_kunitz_rp_strali -            2.2e-25   84.6   2.8   2.4e-25   84.5   2.8   1.0   1   0   0   1   1   1   1 Colostrum trypsin inhibitor OS=Bos taurus OX=9913 PE=1 SV=2
sp|P0DN14|VKTA_ANEVI      -          pdb_kunitz_rp_strali -            2.6e-25   84.3   8.0   3.3e-25   84.0   8.0   1.1   1   0   0   1   1   1   1 U-actitoxin-Avd3m OS=Anemonia viridis OX=51769 PE=3 SV=1
sp|Q8AY41|VKTC_BUNCA      -          pdb_kunitz_rp_strali -            3.4e-25   84.0   5.8   3.8e-25   83.8   5.8   1.0   1   0   0   1   1   1   1 Kunitz-type serine protease inhibitor C OS=Bungarus candidus OX=92438 PE=2 SV=2
sp|A6MFL2|VKT2_DEMVE      -          pdb_kunitz_rp_strali -            3.9e-25   83.8   6.6   4.4e-25   83.6   6.6   1.0   1   0   0   1   1   1   1 Kunitz-type serine protease inhibitor vestiginin-2 OS=Demansia vestigiata OX=412038 PE=2 SV=1
sp|B5KL32|VKT3_NOTSC      -          pdb_kunitz_rp_strali -            5.4e-25   83.4   7.5   6.1e-25   83.2   7.5   1.0   1   0   0   1   1   1   1 Kunitz-type serine protease inhibitor tigerin-3 OS=Notechis scutatus scutatus OX=70142 PE=2 SV=1
sp|B5KL41|VKT4_AUSSU      -          pdb_kunitz_rp_strali -            6.7e-25   83.1   7.6   7.6e-25   82.9   7.6   1.0   1   0   0   1   1   1   1 Kunitz-type serine protease inhibitor superbin-4 OS=Austrelaps superbus OX=29156 PE=2 SV=1
sp|F8J2F6|VKT18_DRYCN     -          pdb_kunitz_rp_strali -            7.1e-25   83.0   5.6   8.1e-25   82.8   5.6   1.0   1   0   0   1   1   1   1 Kunitz-type serine protease inhibitor 18 OS=Drysdalia coronoides OX=66186 PE=1 SV=1
sp|P81658|VKTHC_DENAN     -          pdb_kunitz_rp_strali -            8.6e-25   82.7   6.1   9.2e-25   82.6   6.1   1.0   1   0   0   1   1   1   1 Kunitz-type serine protease inhibitor homolog calcicludine OS=Dendroaspis angusticeps OX=8618 PE=1 SV=1
sp|Q6ITB2|VKT2_NOTSC      -          pdb_kunitz_rp_strali -            9.2e-25   82.6   1.8     1e-24   82.4   1.8   1.0   1   0   0   1   1   1   1 Kunitz-type serine protease inhibitor tigerin-2 OS=Notechis scutatus scutatus OX=70142 PE=2 SV=1
sp|P0DN07|VKT4_ANEVI      -          pdb_kunitz_rp_strali -            9.5e-25   82.6   8.3   1.2e-24   82.3   8.3   1.1   1   0   0   1   1   1   1 U-actitoxin-Avd3g OS=Anemonia viridis OX=51769 PE=3 SV=1
sp|B2KTG2|VKTH1_BUNFA     -          pdb_kunitz_rp_strali -              1e-24   82.4   7.3   1.2e-24   82.3   7.3   1.0   1   0   0   1   1   1   1 Kunitz-type serine protease inhibitor homolog beta-bungarotoxin BF B1 chain OS=Bungarus fasciatus OX=8613 PE=2 SV=1
sp|A8Y7P1|VKTB1_DABSI     -          pdb_kunitz_rp_strali -            1.2e-24   82.3   6.7   1.3e-24   82.1   6.7   1.0   1   0   0   1   1   1   1 Kunitz-type serine protease inhibitor B1 OS=Daboia siamensis OX=343250 PE=1 SV=1
sp|Q8AY43|VKTA_BUNCA      -          pdb_kunitz_rp_strali -            1.2e-24   82.2   9.4   1.5e-24   82.0   9.4   1.1   1   0   0   1   1   1   1 Kunitz-type serine protease inhibitor A OS=Bungarus candidus OX=92438 PE=2 SV=2
sp|P00989|VKTH2_BUNMU     -          pdb_kunitz_rp_strali -            1.6e-24   81.9   6.3   1.9e-24   81.6   6.3   1.1   1   0   0   1   1   1   1 Kunitz-type serine protease inhibitor homolog beta-bungarotoxin B2 chain OS=Bungarus multicinctus OX=8616 PE=1 SV=2
sp|Q1RPT0|VKTH4_BUNMU     -          pdb_kunitz_rp_strali -            1.6e-24   81.9   6.3   1.9e-24   81.6   6.3   1.1   1   0   0   1   1   1   1 Kunitz-type serine protease inhibitor homolog beta-bungarotoxin B4 chain OS=Bungarus multicinctus OX=8616 PE=1 SV=1
sp|Q2ES48|VKT3_DABRR      -          pdb_kunitz_rp_strali -            1.6e-24   81.9   7.4   1.8e-24   81.7   7.4   1.0   1   0   0   1   1   1   1 Kunitz-type serine protease inhibitor 3 OS=Daboia russelii OX=8707 PE=2 SV=1
sp|P0C1X2|VKTS1_CONST     -          pdb_kunitz_rp_strali -            1.7e-24   81.7   3.1   2.3e-24   81.3   3.1   1.2   1   0   0   1   1   1   1 Kunitz-type conkunitzin-S1 OS=Conus striatus OX=6493 PE=1 SV=1
sp|P0DMX0|VKT3_ANTAF      -          pdb_kunitz_rp_strali -            1.8e-24   81.7  12.1   2.1e-24   81.5  12.1   1.0   1   0   0   1   1   1   1 PI-actitoxin-Axm2b OS=Anthopleura aff. xanthogrammica OX=152178 PE=1 SV=1
sp|P20229|VKTTI_NAJNA     -          pdb_kunitz_rp_strali -            1.9e-24   81.6   7.5     2e-24   81.5   7.5   1.0   1   0   0   1   1   1   1 Kunitz-type serine protease inhibitor OS=Naja naja OX=35670 PE=1 SV=1
sp|A8Y7P4|VKTB4_DABSI     -          pdb_kunitz_rp_strali -            2.1e-24   81.5   6.7   2.3e-24   81.3   6.7   1.0   1   0   0   1   1   1   1 Kunitz-type serine protease inhibitor B4 OS=Daboia siamensis OX=343250 PE=2 SV=1
sp|P0DN18|VKTE_ANEVI      -          pdb_kunitz_rp_strali -            2.1e-24   81.5   7.9   2.6e-24   81.2   7.9   1.1   1   0   0   1   1   1   1 U-actitoxin-Avd3q OS=Anemonia viridis OX=51769 PE=3 SV=1
sp|C8YJ94|KUN2_TABYA      -          pdb_kunitz_rp_strali -            2.6e-24   81.2   9.7   2.9e-24   81.0   9.7   1.0   1   0   0   1   1   1   1 Tabkunin 2 OS=Tabanus yao OX=485572 PE=1 SV=1
sp|I2G9B4|VKT_MACLN       -          pdb_kunitz_rp_strali -            3.1e-24   80.9   9.8   3.6e-24   80.7   9.8   1.1   1   0   0   1   1   1   1 Kunitz-type serine protease inhibitor PIVL OS=Macrovipera lebetina transmediterranea OX=384075 PE=1 SV=1
sp|A8Y7N4|VKTC1_DABSI     -          pdb_kunitz_rp_strali -            3.3e-24   80.8   9.5   3.9e-24   80.6   9.5   1.1   1   0   0   1   1   1   1 Kunitz-type serine protease inhibitor C1 OS=Daboia siamensis OX=343250 PE=2 SV=1
sp|H2A0N1|KCP2_PINMG      -          pdb_kunitz_rp_strali -            3.7e-24   80.7  16.5     3e-13   45.7   4.0   2.2   2   0   0   2   2   2   2 BPTI/Kunitz domain-containing protein 2 OS=Margaritifera margaritifera OX=102329 PE=1 SV=1
sp|P0DJ50|VKT31_OLIMR     -          pdb_kunitz_rp_strali -              4e-24   80.6  10.6   4.9e-24   80.3  10.6   1.1   1   0   0   1   1   1   1 Kunitz-type serine protease inhibitor BmKTT-2 OS=Olivierus martensii OX=34649 PE=2 SV=2
sp|Q75S50|VKTH3_BUNCA     -          pdb_kunitz_rp_strali -            4.3e-24   80.4   5.8     5e-24   80.3   5.8   1.0   1   0   0   1   1   1   1 Kunitz-type serine protease inhibitor homolog beta-bungarotoxin B3 chain OS=Bungarus candidus OX=92438 PE=2 SV=1
sp|Q8AY44|VKTH7_BUNCA     -          pdb_kunitz_rp_strali -            4.3e-24   80.4   5.8     5e-24   80.3   5.8   1.0   1   0   0   1   1   1   1 Kunitz-type serine protease inhibitor homolog beta-bungarotoxin B2b chain OS=Bungarus candidus OX=92438 PE=2 SV=2
sp|P81162|CRPTI_RHIMP     -          pdb_kunitz_rp_strali -            4.5e-24   80.4   5.9   5.4e-24   80.2   5.9   1.1   1   0   0   1   1   1   1 Protease inhibitor carrapatin OS=Rhipicephalus microplus OX=6941 PE=1 SV=1
sp|Q8AY42|VKTB_BUNCA      -          pdb_kunitz_rp_strali -            6.9e-24   79.8   9.6   8.1e-24   79.6   9.6   1.1   1   0   0   1   1   1   1 Kunitz-type serine protease inhibitor B OS=Bungarus candidus OX=92438 PE=2 SV=2
sp|Q28201|TKDP1_BOVIN     -          pdb_kunitz_rp_strali -            7.1e-24   79.8   5.6   1.7e-23   78.5   5.6   1.7   1   0   0   1   1   1   1 Trophoblast Kunitz domain protein 1 OS=Bos taurus OX=9913 GN=TKDP1 PE=2 SV=2
sp|Q3UW55|WFC6A_MOUSE     -          pdb_kunitz_rp_strali -            1.3e-23   78.9   0.4   3.3e-23   77.6   0.4   1.7   1   0   0   1   1   1   1 WAP four-disulfide core domain protein 6A OS=Mus musculus OX=10090 GN=Wfdc6a PE=2 SV=1
sp|A8Y7P2|VKTB2_DABSI     -          pdb_kunitz_rp_strali -            1.6e-23   78.7   9.1   1.8e-23   78.5   9.1   1.0   1   0   0   1   1   1   1 Kunitz-type serine protease inhibitor B2 OS=Daboia siamensis OX=343250 PE=2 SV=1
sp|O62845|ELAC_NOTEU      -          pdb_kunitz_rp_strali -            1.6e-23   78.7   4.5   2.7e-23   77.9   4.5   1.3   1   0   0   1   1   1   1 Early lactation protein OS=Notamacropus eugenii OX=9315 GN=ELP PE=1 SV=1
sp|Q5ZPJ7|VKT_NAJAT       -          pdb_kunitz_rp_strali -            2.3e-23   78.1   9.4   2.6e-23   77.9   9.4   1.0   1   0   0   1   1   1   1 Kunitz-type serine protease inhibitor NACI OS=Naja atra OX=8656 PE=1 SV=1
sp|O93279|A4_TAKRU        -          pdb_kunitz_rp_strali -            2.8e-23   77.9   3.6   5.3e-23   77.0   3.6   1.5   1   0   0   1   1   1   1 Amyloid-beta A4 protein OS=Takifugu rubripes OX=31033 GN=app PE=3 SV=1
sp|P0DQR1|VKT3_PALCA      -          pdb_kunitz_rp_strali -            2.8e-23   77.9   7.2     3e-23   77.7   7.2   1.0   1   0   0   1   1   1   1 Kunitz-like toxin PcKuz3 OS=Palythoa caribaeorum OX=134933 PE=3 SV=1
sp|P0DN15|VKTB_ANEVI      -          pdb_kunitz_rp_strali -            7.8e-23   76.4  10.3   9.3e-23   76.2  10.3   1.1   1   0   0   1   1   1   1 U-actitoxin-Avd3n OS=Anemonia viridis OX=51769 PE=1 SV=1
sp|Q90W97|VKT5_PSETT      -          pdb_kunitz_rp_strali -            1.6e-22   75.4   4.9   1.8e-22   75.2   4.9   1.0   1   0   0   1   1   1   1 Kunitz-type serine protease inhibitor textilinin-5 OS=Pseudonaja textilis textilis OX=169397 PE=2 SV=1
sp|O95925|EPPI_HUMAN      -          pdb_kunitz_rp_strali -            1.9e-22   75.2   7.3   5.2e-22   73.8   7.3   1.8   1   0   0   1   1   1   1 Eppin OS=Homo sapiens OX=9606 GN=EPPIN PE=1 SV=1
sp|D8KY58|VKT_BOMTE       -          pdb_kunitz_rp_strali -            2.1e-22   75.1   4.3   2.5e-22   74.8   4.3   1.1   1   0   0   1   1   1   1 Kunitz-type serine protease inhibitor Bt-KTI OS=Bombus terrestris OX=30195 PE=2 SV=1
sp|P0DJ45|VKT22_LYCMC     -          pdb_kunitz_rp_strali -            2.7e-22   74.7   7.9   3.2e-22   74.5   7.9   1.1   1   0   0   1   1   1   1 Kunitz-type serine protease inhibitor LmKTT-1b OS=Lychas mucronatus OX=172552 PE=2 SV=1
sp|P16044|IBPI_TACTR      -          pdb_kunitz_rp_strali -            3.5e-22   74.3   7.8   4.1e-22   74.1   7.8   1.0   1   0   0   1   1   1   1 Proteinase inhibitor OS=Tachypleus tridentatus OX=6853 PE=1 SV=1
sp|P49223|SPIT3_HUMAN     -          pdb_kunitz_rp_strali -            3.8e-22   74.2   9.6   5.2e-22   73.8   9.6   1.1   1   0   0   1   1   1   1 Kunitz-type protease inhibitor 3 OS=Homo sapiens OX=9606 GN=SPINT3 PE=1 SV=3
sp|C8YJ97|KUN5_TABYA      -          pdb_kunitz_rp_strali -            5.7e-22   73.7   9.6   6.4e-22   73.5   9.6   1.0   1   0   0   1   1   1   1 Tabkunin 5 OS=Tabanus yao OX=485572 PE=3 SV=1
sp|D2Y489|VKT1B_CONCL     -          pdb_kunitz_rp_strali -            6.2e-22   73.5   4.6   6.7e-22   73.4   4.6   1.0   1   0   0   1   1   1   1 Kunitz-type serine protease inhibitor conotoxin Cal9.1b (Fragment) OS=Californiconus californicus OX=1736779 PE=2 SV=1
sp|Q9DA01|EPPI_MOUSE      -          pdb_kunitz_rp_strali -            6.9e-22   73.4   9.0   6.9e-22   73.4   9.0   1.8   2   0   0   2   2   1   1 Eppin OS=Mus musculus OX=10090 GN=Eppin PE=1 SV=1
sp|P0DJ48|VKT23_LYCMC     -          pdb_kunitz_rp_strali -            7.4e-22   73.3   8.3   8.1e-22   73.2   8.3   1.0   1   0   0   1   1   1   1 Kunitz-type serine protease inhibitor LmKTT-1c OS=Lychas mucronatus OX=172552 PE=2 SV=1
sp|P0DN16|VKTC_ANEVI      -          pdb_kunitz_rp_strali -            8.6e-22   73.1  11.8     1e-21   72.8  11.8   1.1   1   0   0   1   1   1   1 U-actitoxin-Avd3o OS=Anemonia viridis OX=51769 PE=3 SV=1
sp|P0DJ49|VKT24_OLIMR     -          pdb_kunitz_rp_strali -            1.4e-21   72.5   7.3   1.5e-21   72.3   7.3   1.0   1   0   0   1   1   1   1 Kunitz-type serine protease inhibitor BmKTT-1 OS=Olivierus martensii OX=34649 PE=3 SV=1
sp|D2Y490|VKT1C_CONCL     -          pdb_kunitz_rp_strali -            1.6e-21   72.3   5.5   1.7e-21   72.2   5.5   1.0   1   0   0   1   1   1   1 Kunitz-type serine protease inhibitor conotoxin Cal9.1c (Fragment) OS=Californiconus californicus OX=1736779 PE=2 SV=1
sp|C8YJ96|KUN4_TABYA      -          pdb_kunitz_rp_strali -            1.6e-21   72.2   8.8   1.8e-21   72.0   8.8   1.0   1   0   0   1   1   1   1 Tabkunin 4 OS=Tabanus yao OX=485572 PE=3 SV=1
sp|P16344|VKT2A_RADCR     -          pdb_kunitz_rp_strali -            2.1e-21   71.8   2.4   2.3e-21   71.7   2.4   1.0   1   0   0   1   1   1   1 PI-stichotoxin-Hcr2a OS=Radianthus crispa OX=3122430 PE=1 SV=1
sp|D2Y488|VKT1A_CONCL     -          pdb_kunitz_rp_strali -            2.5e-21   71.6   4.6   2.9e-21   71.4   4.6   1.1   1   0   0   1   1   1   1 Kunitz-type serine protease inhibitor conotoxin Cal9.1a OS=Californiconus californicus OX=1736779 PE=3 SV=1
sp|P26227|HTIB_MANSE      -          pdb_kunitz_rp_strali -            4.2e-21   70.9   3.1   4.4e-21   70.8   3.1   1.0   1   0   0   1   1   1   1 Hemolymph trypsin inhibitor B (Fragment) OS=Manduca sexta OX=7130 PE=1 SV=1
sp|Q1RPS9|VKTH5_BUNMU     -          pdb_kunitz_rp_strali -            1.1e-20   69.6  10.9   1.3e-20   69.3  10.9   1.1   1   0   0   1   1   1   1 Kunitz-type serine protease inhibitor homolog beta-bungarotoxin B5 chain OS=Bungarus multicinctus OX=8616 PE=3 SV=1
sp|B2ZBB6|VKT11_CYRSC     -          pdb_kunitz_rp_strali -              2e-20   68.7   8.3   2.4e-20   68.5   8.3   1.1   1   0   0   1   1   1   1 Kunitz-type kappaPI-theraphotoxin-Hs1b OS=Cyriopagopus schmidti OX=29017 PE=3 SV=1
sp|P86964|KCP3_PINMA      -          pdb_kunitz_rp_strali -            5.3e-20   67.4  27.9   2.4e-10   36.5   9.7   2.2   1   1   1   2   2   2   2 BPTI/Kunitz domain-containing protein 3 OS=Pinctada maxima OX=104660 PE=1 SV=1
sp|H2A0N9|KCP4_PINMG      -          pdb_kunitz_rp_strali -            5.9e-20   67.2  11.9   5.9e-20   67.2  11.9   2.2   2   0   0   2   2   1   1 BPTI/Kunitz domain-containing protein 4 OS=Margaritifera margaritifera OX=102329 PE=1 SV=1
sp|Q9EPX2|PPN_MOUSE       -          pdb_kunitz_rp_strali -            1.3e-19   66.1   5.8   6.6e-19   63.8   5.8   2.3   1   0   0   1   1   1   1 Papilin OS=Mus musculus OX=10090 GN=Papln PE=2 SV=2
sp|D2Y2Q9|VKTR1_CYRHA     -          pdb_kunitz_rp_strali -            2.2e-19   65.4   7.1   2.6e-19   65.1   7.1   1.1   1   0   0   1   1   1   1 Kunitz-type U15-theraphotoxin-Hhn1r OS=Cyriopagopus hainanus OX=209901 PE=3 SV=1
sp|D2Y2Q2|VKTM1_CYRHA     -          pdb_kunitz_rp_strali -            2.3e-19   65.3   6.4   2.8e-19   65.0   6.4   1.1   1   0   0   1   1   1   1 Kunitz-type U15-theraphotoxin-Hhn1m OS=Cyriopagopus hainanus OX=209901 PE=3 SV=1
sp|P0DJ84|VKT40_CYRSC     -          pdb_kunitz_rp_strali -            2.4e-19   65.3   6.4   2.8e-19   65.0   6.4   1.1   1   0   0   1   1   1   1 Kunitz-type kappaPI-theraphotoxin-Hs1d OS=Cyriopagopus schmidti OX=29017 PE=3 SV=1
sp|P0DMJ1|VKT39_CYRSC     -          pdb_kunitz_rp_strali -            2.7e-19   65.1   4.4   3.3e-19   64.8   4.4   1.1   1   0   0   1   1   1   1 Kunitz-type U15-theraphotoxin-Hs1g OS=Cyriopagopus schmidti OX=29017 PE=3 SV=1
sp|P0DQR0|VKT2_PALCA      -          pdb_kunitz_rp_strali -            4.4e-19   64.4  12.3   4.8e-19   64.3  12.3   1.0   1   0   0   1   1   1   1 Kunitz-like toxin PcKuz2 OS=Palythoa caribaeorum OX=134933 PE=3 SV=1
sp|Q8AY46|VKTHB_BUNCA     -          pdb_kunitz_rp_strali -            6.6e-19   63.9   8.2   7.8e-19   63.6   8.2   1.1   1   0   0   1   1   1   1 Kunitz-type serine protease inhibitor homolog beta-bungarotoxin B1 chain OS=Bungarus candidus OX=92438 PE=2 SV=2
sp|D2Y2Q1|VKTL1_CYRHA     -          pdb_kunitz_rp_strali -            7.8e-19   63.6   6.8   9.4e-19   63.4   6.8   1.1   1   0   0   1   1   1   1 Kunitz-type U15-theraphotoxin-Hhn1l OS=Cyriopagopus hainanus OX=209901 PE=3 SV=1
sp|O73683|A4_DICFU        -          pdb_kunitz_rp_strali -            1.1e-18   63.1   1.0   2.1e-18   62.3   1.0   1.5   1   0   0   1   1   1   1 Amyloid-beta A4 protein OS=Dichotomyctere fluviatilis OX=2593188 GN=app PE=2 SV=1
sp|D2Y2Q5|VKTN1_CYRHA     -          pdb_kunitz_rp_strali -            1.5e-18   62.7   6.4   1.8e-18   62.5   6.4   1.1   1   0   0   1   1   1   1 Kunitz-type U15-theraphotoxin-Hhn1n OS=Cyriopagopus hainanus OX=209901 PE=3 SV=1
sp|Q9D263|SPIT4_MOUSE     -          pdb_kunitz_rp_strali -            2.3e-18   62.1   4.8   3.3e-18   61.6   4.8   1.2   1   0   0   1   1   1   1 Kunitz-type protease inhibitor 4 OS=Mus musculus OX=10090 GN=Spint4 PE=2 SV=1
sp|C0HLB0|MAMB9_DENVI     -          pdb_kunitz_rp_strali -            3.7e-18   61.5   9.3   3.9e-18   61.4   9.3   1.0   1   0   0   1   1   1   1 Mambaquaretin-9 OS=Dendroaspis viridis OX=8621 PE=1 SV=1
sp|P0DJ80|VKT22_CYRSC     -          pdb_kunitz_rp_strali -            7.9e-18   60.4   3.4   9.7e-18   60.1   3.4   1.1   1   0   0   1   1   1   1 Kunitz-type U15-theraphotoxin-Hs1a OS=Cyriopagopus schmidti OX=29017 PE=3 SV=1
sp|P0DJ78|VKT6_CYRSC      -          pdb_kunitz_rp_strali -            7.9e-18   60.4   3.4   9.7e-18   60.1   3.4   1.1   1   0   0   1   1   1   1 Kunitz-type U15-theraphotoxin-Hs1a OS=Cyriopagopus schmidti OX=29017 PE=3 SV=1
sp|Q02388|CO7A1_HUMAN     -          pdb_kunitz_rp_strali -            7.9e-18   60.4   1.4   1.3e-17   59.7   1.4   1.3   1   0   0   1   1   1   1 Collagen alpha-1(VII) chain OS=Homo sapiens OX=9606 GN=COL7A1 PE=1 SV=2
sp|D2Y2C2|VKTA1_CYRHA     -          pdb_kunitz_rp_strali -            1.5e-17   59.6   3.7   1.8e-17   59.3   3.7   1.1   1   0   0   1   1   1   1 Kunitz-type U15-theraphotoxin-Hhn1a OS=Cyriopagopus hainanus OX=209901 PE=3 SV=1
sp|D2Y2F4|VKTC1_CYRHA     -          pdb_kunitz_rp_strali -            1.7e-17   59.3   3.5   2.1e-17   59.0   3.5   1.1   1   0   0   1   1   1   1 Kunitz-type U15-theraphotoxin-Hhn1c OS=Cyriopagopus hainanus OX=209901 PE=3 SV=1
sp|D2Y2F6|VKTE1_CYRHA     -          pdb_kunitz_rp_strali -            1.9e-17   59.2   3.9   2.3e-17   58.9   3.9   1.1   1   0   0   1   1   1   1 Kunitz-type U15-theraphotoxin-Hhn1e OS=Cyriopagopus hainanus OX=209901 PE=3 SV=1
sp|P0DJ72|VKT68_CYRHA     -          pdb_kunitz_rp_strali -            1.9e-17   59.2   3.9   2.3e-17   58.9   3.9   1.1   1   0   0   1   1   1   1 Kunitz-type U15-theraphotoxin-Hhn1e OS=Cyriopagopus hainanus OX=209901 PE=3 SV=1
sp|D2Y2F5|VKT4_CYRHA      -          pdb_kunitz_rp_strali -            2.4e-17   58.8   4.8     3e-17   58.6   4.8   1.1   1   0   0   1   1   1   1 Kunitz-type U15-theraphotoxin-Hhn1d OS=Cyriopagopus hainanus OX=209901 PE=3 SV=1
sp|Q2UY11|COSA1_MOUSE     -          pdb_kunitz_rp_strali -            3.1e-17   58.5   6.0   5.8e-17   57.6   6.0   1.4   1   0   0   1   1   1   1 Collagen alpha-1(XXVIII) chain OS=Mus musculus OX=10090 GN=Col28a1 PE=2 SV=1
sp|D2Y2F3|VKT2_CYRHA      -          pdb_kunitz_rp_strali -            6.7e-17   57.4   3.5   8.2e-17   57.1   3.5   1.1   1   0   0   1   1   1   1 Kunitz-type U15-theraphotoxin-Hhn1b OS=Cyriopagopus hainanus OX=209901 PE=3 SV=1
sp|P0DJ64|VKT31_CYRHA     -          pdb_kunitz_rp_strali -            6.7e-17   57.4   3.5   8.2e-17   57.1   3.5   1.1   1   0   0   1   1   1   1 U15-Kunitz-type theraphotoxin-Hhn1b OS=Cyriopagopus hainanus OX=209901 PE=3 SV=1
sp|Q6UDR6|SPIT4_HUMAN     -          pdb_kunitz_rp_strali -            8.6e-17   57.1   5.0   1.3e-16   56.5   5.0   1.3   1   0   0   1   1   1   1 Kunitz-type protease inhibitor 4 OS=Homo sapiens OX=9606 GN=SPINT4 PE=1 SV=1
sp|D2Y2F7|VKTF1_CYRHA     -          pdb_kunitz_rp_strali -            9.3e-17   57.0   5.0   1.2e-16   56.6   5.0   1.1   1   0   0   1   1   1   1 Kunitz-type U15-theraphotoxin-Hhn1f OS=Cyriopagopus hainanus OX=209901 PE=3 SV=1
sp|P0DJ73|VKT74_CYRHA     -          pdb_kunitz_rp_strali -            9.3e-17   57.0   5.0   1.2e-16   56.6   5.0   1.1   1   0   0   1   1   1   1 Kunitz-type U15-theraphotoxin-Hhn1f OS=Cyriopagopus hainanus OX=209901 PE=3 SV=1
sp|P0DJ65|VKT7_CYRHA      -          pdb_kunitz_rp_strali -            1.7e-16   56.1   4.1   2.1e-16   55.9   4.1   1.1   1   0   0   1   1   1   1 Kunitz-type U15-theraphotoxin-Hhn1h OS=Cyriopagopus hainanus OX=209901 PE=3 SV=1
sp|P0DMW9|VKT34_ACTEQ     -          pdb_kunitz_rp_strali -            5.6e-16   54.5   2.0   5.8e-16   54.4   2.0   1.0   1   0   0   1   1   1   1 Kunitz-type proteinase inhibitor AEPI-IV (Fragment) OS=Actinia equina OX=6106 PE=1 SV=1
sp|P0DJ68|VKT45_CYRHA     -          pdb_kunitz_rp_strali -            2.3e-15   52.5   4.7   2.8e-15   52.2   4.7   1.1   1   0   0   1   1   1   1 Kunitz-type U15-theraphotoxin-Hhn1k OS=Cyriopagopus hainanus OX=209901 PE=3 SV=1
sp|C0LNR2|VKT_VESBI       -          pdb_kunitz_rp_strali -            3.8e-15   51.8   2.8   4.8e-15   51.5   2.8   1.1   1   0   0   1   1   1   1 Kunitz-type serine protease inhibitor bicolin OS=Vespa bicolor OX=619325 PE=1 SV=1
sp|I6VXS1|KUN2_RHIHE      -          pdb_kunitz_rp_strali -            2.3e-14   49.3   8.8   2.3e-14   49.3   8.8   2.6   3   0   0   3   3   2   1 Anticoagulant protein rhipilin-2 OS=Rhipicephalus haemaphysaloides OX=237073 PE=2 SV=1
sp|Q8IUA0|WFDC8_HUMAN     -          pdb_kunitz_rp_strali -            2.9e-14   49.0   7.9   2.9e-14   49.0   7.9   2.5   4   0   0   4   4   1   1 WAP four-disulfide core domain protein 8 OS=Homo sapiens OX=9606 GN=WFDC8 PE=1 SV=2
sp|Q09JW6|KUNI_ARGMO      -          pdb_kunitz_rp_strali -            6.8e-13   44.6  13.0   6.5e-11   38.3   4.1   3.1   3   0   0   3   3   3   2 Monobin OS=Argas monolakensis OX=34602 GN=AM-28 PE=1 SV=1
sp|Q7Z1K3|ANIS1_ANISI     -          pdb_kunitz_rp_strali -            1.3e-12   43.7   3.5   1.3e-12   43.7   3.5   2.3   2   1   0   2   2   1   1 Major allergen Ani s 1 OS=Anisakis simplex OX=6269 PE=1 SV=1
sp|P0CAR0|VKTG1_MICPY     -          pdb_kunitz_rp_strali -            8.1e-12   41.2   1.1   8.2e-12   41.1   1.1   1.0   1   0   0   1   1   1   1 Kunitz-type serine protease inhibitor G1 (Fragment) OS=Micrurus pyrrhocryptus OX=129468 PE=1 SV=1
sp|P26226|HTIA_MANSE      -          pdb_kunitz_rp_strali -            1.3e-11   40.5   2.8   1.8e-11   40.0   2.8   1.2   1   0   0   1   1   1   1 Hemolymph trypsin inhibitor A (Fragment) OS=Manduca sexta OX=7130 PE=1 SV=1
sp|Q11101|YL15_CAEEL      -          pdb_kunitz_rp_strali -            3.7e-07   26.2   6.6   1.1e-06   24.7   6.6   1.9   1   0   0   1   1   1   1 BPTI/Kunitz inhibitor domain-containing protein C02F12.5 OS=Caenorhabditis elegans OX=6239 GN=C02F12.5 PE=1 SV=3
sp|Q8WPG5|KUNI_ORNKA      -          pdb_kunitz_rp_strali -            1.5e-05   21.1   3.7   0.00013   18.0   0.4   2.3   2   0   0   2   2   2   1 Thrombin inhibitor savignin OS=Ornithodoros kalahariensis OX=1580572 PE=1 SV=1
sp|D3GGZ8|BLI5_HAECO      -          pdb_kunitz_rp_strali -              0.011   11.9   0.3     0.011   11.9   0.3   2.1   2   0   0   2   2   1   0 Kunitz-type protein bli-5 OS=Haemonchus contortus OX=6289 GN=bli-5 PE=3 SV=1
#
# Program:         hmmsearch
# Version:         3.3.2 (Nov 2020)
# Pipeline mode:   SEARCH
# Query file:      pdb_kunitz_rp_strali.hmm
# Target file:     pos_1.fasta
# Option settings: hmmsearch --tblout pos_1_strali.out --max -Z 1000 pdb_kunitz_rp_strali.hmm pos_1.fasta 
# Current dir:     /home/mohsin32525/kk
# Date:            Wed May 21 00:25:50 2025
# [ok]
