#                                                                    --- full sequence ---- --- best 1 domain ---- --- domain number estimation ----
# target name             accession  query name           accession    E-value  score  bias   E-value  score  bias   exp reg clu  ov env dom rep inc description of target
#     ------------------- ---------- -------------------- ---------- --------- ------ ----- --------- ------ -----   --- --- --- --- --- --- --- --- ---------------------
sp|Q28864|TFPI1_MACMU     -          pdb_kunitz_rp_strali -            6.3e-72  233.7  40.8   4.9e-27   89.9   7.2   3.2   3   0   0   3   3   3   3 Tissue factor pathway inhibitor OS=Macaca mulatta OX=9544 GN=TFPI PE=2 SV=1
sp|Q02445|TFPI1_RAT       -          pdb_kunitz_rp_strali -            1.2e-71  232.8  42.0   9.4e-26   85.8  10.4   3.2   3   0   0   3   3   3   3 Tissue factor pathway inhibitor OS=Rattus norvegicus OX=10116 GN=Tfpi PE=2 SV=1
sp|P19761|TFPI1_RABIT     -          pdb_kunitz_rp_strali -              3e-68  221.9  37.9   4.5e-26   86.8   5.9   3.2   3   0   0   3   3   3   3 Tissue factor pathway inhibitor OS=Oryctolagus cuniculus OX=9986 GN=TFPI PE=2 SV=2
sp|P84875|PCPI_SABMA      -          pdb_kunitz_rp_strali -            4.3e-66  215.0  36.3   4.3e-23   77.3  12.9   3.0   2   1   1   3   3   3   3 Carboxypeptidase inhibitor SmCI OS=Sabellastarte magnifica OX=389514 PE=1 SV=1
sp|P83606|BMTI6_RHIMP     -          pdb_kunitz_rp_strali -              4e-63  205.5  42.5   1.8e-22   75.3   8.6   3.1   3   0   0   3   3   3   3 Kunitz-type serine protease inhibitor 6 (Fragment) OS=Rhipicephalus microplus OX=6941 PE=1 SV=2
sp|Q03610|YN81_CAEEL      -          pdb_kunitz_rp_strali -            3.3e-62  202.5  64.3   1.7e-17   59.3   8.7   6.1   5   0   0   5   5   5   5 Uncharacterized protein ZC84.1 OS=Caenorhabditis elegans OX=6239 GN=ZC84.1 PE=3 SV=6
sp|Q7YRQ8|TFPI2_BOVIN     -          pdb_kunitz_rp_strali -            1.3e-58  191.0  33.9   6.9e-27   89.4   5.7   3.1   3   0   0   3   3   3   3 Tissue factor pathway inhibitor 2 OS=Bos taurus OX=9913 GN=TFPI2 PE=2 SV=1
sp|Q6T269|VKT3_BITGA      -          pdb_kunitz_rp_strali -            7.2e-47  153.4  27.5     5e-24   80.3   9.6   3.0   1   1   2   3   3   3   2 Kunitz-type serine protease inhibitor bitisilin-3 (Fragment) OS=Bitis gabonica OX=8694 PE=2 SV=1
sp|Q8WPI2|KUNIH_RHIMP     -          pdb_kunitz_rp_strali -            2.2e-46  151.9  23.6   4.6e-26   86.8   7.9   2.2   2   0   0   2   2   2   2 Boophilin-H2 OS=Rhipicephalus microplus OX=6941 PE=1 SV=1
sp|O43291|SPIT2_HUMAN     -          pdb_kunitz_rp_strali -            5.9e-46  150.5  19.7   2.6e-26   87.6   1.6   2.1   2   0   0   2   2   2   2 Kunitz-type protease inhibitor 2 OS=Homo sapiens OX=9606 GN=SPINT2 PE=1 SV=2
sp|B6ZIW0|KUN_HAELO       -          pdb_kunitz_rp_strali -            9.9e-46  149.8  28.6   1.1e-26   88.8   8.1   2.1   2   0   0   2   2   2   2 Thrombin inhibitor hemalin OS=Haemaphysalis longicornis OX=44386 PE=2 SV=1
sp|P04365|IATR_HORSE      -          pdb_kunitz_rp_strali -            7.8e-43  140.5  19.6     3e-22   74.6   5.9   2.0   1   1   1   2   2   2   2 Inter-alpha-trypsin inhibitor (Fragment) OS=Equus caballus OX=9796 PE=1 SV=2
sp|B2BS84|VKT_AUSLA       -          pdb_kunitz_rp_strali -              1e-39  130.5  19.5   1.8e-20   68.8   5.6   2.2   2   0   0   2   2   2   2 Putative Kunitz-type serine protease inhibitor OS=Austrelaps labialis OX=471292 PE=2 SV=1
sp|P62757|IATR_SHEEP      -          pdb_kunitz_rp_strali -            1.4e-39  130.1  23.2   2.3e-21   71.7   5.5   2.0   1   1   1   2   2   2   2 Inter-alpha-trypsin inhibitor (Fragment) OS=Ovis aries OX=9940 PE=1 SV=1
sp|Q07456|AMBP_MOUSE      -          pdb_kunitz_rp_strali -              2e-38  126.4  22.8   7.5e-21   70.1   7.1   2.4   1   1   1   2   2   2   2 Protein AMBP OS=Mus musculus OX=10090 GN=Ambp PE=1 SV=2
sp|P04366|AMBP_PIG        -          pdb_kunitz_rp_strali -            2.8e-38  125.9  21.3     7e-20   67.0   6.4   2.5   1   1   1   2   2   2   2 Protein AMBP (Fragment) OS=Sus scrofa OX=9823 GN=AMBP PE=1 SV=2
sp|P83609|BMTIA_RHIMP     -          pdb_kunitz_rp_strali -              3e-38  125.8  18.3   1.4e-20   69.2   2.5   2.0   2   0   0   2   2   2   2 Kunitz-type serine protease inhibitor A (Fragments) OS=Rhipicephalus microplus OX=6941 PE=1 SV=2
sp|Q64240|AMBP_RAT        -          pdb_kunitz_rp_strali -            5.7e-38  124.9  23.9   1.8e-20   68.8   6.8   2.3   1   1   1   2   2   2   2 Protein AMBP OS=Rattus norvegicus OX=10116 GN=Ambp PE=1 SV=1
sp|Q8TEU8|WFKN2_HUMAN     -          pdb_kunitz_rp_strali -            1.3e-33  111.0  21.5   4.2e-23   77.3   4.7   3.1   3   0   0   3   3   2   2 WAP, Kazal, immunoglobulin, Kunitz and NTR domain-containing protein 2 OS=Homo sapiens OX=9606 GN=WFIKKN2 PE=1 SV=1
sp|Q6NUX0|WFKN_DANRE      -          pdb_kunitz_rp_strali -            5.3e-33  109.0  15.7   4.4e-20   67.6   3.3   2.8   2   0   0   2   2   2   2 WAP, Kazal, immunoglobulin, Kunitz and NTR domain-containing protein OS=Danio rerio OX=7955 GN=wfikkn PE=2 SV=1
sp|P00974|BPT1_BOVIN      -          pdb_kunitz_rp_strali -              2e-29   97.6   6.6   2.6e-29   97.2   6.6   1.2   1   0   0   1   1   1   1 Pancreatic trypsin inhibitor OS=Bos taurus OX=9913 PE=1 SV=2
sp|A0A1D0BND9|TD1A_HADIN  -          pdb_kunitz_rp_strali -            4.7e-29   96.4  23.2   2.5e-15   52.4  11.1   2.1   2   0   0   2   2   2   2 U13-hexatoxin-Hi1a OS=Hadronyche infensa OX=153481 PE=2 SV=1
sp|Q6ITB4|VKT2_OXYMI      -          pdb_kunitz_rp_strali -              1e-28   95.3   5.0   1.2e-28   95.1   5.0   1.0   1   0   0   1   1   1   1 Kunitz-type serine protease inhibitor microlepidin-2 OS=Oxyuranus microlepidotus OX=111177 PE=2 SV=1
sp|Q6ITB6|VKT2_OXYSC      -          pdb_kunitz_rp_strali -              1e-28   95.3   5.0   1.2e-28   95.1   5.0   1.0   1   0   0   1   1   1   1 Kunitz-type serine protease inhibitor scutellin-2 OS=Oxyuranus scutellatus scutellatus OX=8667 PE=2 SV=1
sp|Q6ITB5|VKT1_OXYMI      -          pdb_kunitz_rp_strali -            1.7e-28   94.6   3.4   1.9e-28   94.4   3.4   1.0   1   0   0   1   1   1   1 Kunitz-type serine protease inhibitor microlepidin-1 OS=Oxyuranus microlepidotus OX=111177 PE=2 SV=1
sp|C0HLB2|VKT_PSEPC       -          pdb_kunitz_rp_strali -            3.4e-28   93.6   6.8   3.8e-28   93.4   6.8   1.0   1   0   0   1   1   1   1 Kunitz-type serine protease inhibitor PPTI OS=Pseudocerastes persicus OX=47769 PE=1 SV=1
sp|B5KL39|VKT2_AUSSU      -          pdb_kunitz_rp_strali -            6.1e-28   92.8   5.1     7e-28   92.6   5.1   1.0   1   0   0   1   1   1   1 Kunitz-type serine protease inhibitor superbin-2 OS=Austrelaps superbus OX=29156 PE=2 SV=1
sp|F8J2F3|VKT28_DRYCN     -          pdb_kunitz_rp_strali -            6.3e-28   92.7   5.5   7.1e-28   92.6   5.5   1.0   1   0   0   1   1   1   1 Kunitz-type serine protease inhibitor 28 OS=Drysdalia coronoides OX=66186 PE=1 SV=1
sp|C0HK74|3CPI_HETMG      -          pdb_kunitz_rp_strali -            9.4e-28   92.2   4.3   9.9e-28   92.1   4.3   1.0   1   0   0   1   1   1   1 PI-stichotoxin-Hmg3c OS=Heteractis magnifica OX=38281 PE=1 SV=1
sp|Q9TWG0|VKT1_ANESU      -          pdb_kunitz_rp_strali -            1.1e-27   91.9   5.3   1.3e-27   91.7   5.3   1.0   1   0   0   1   1   1   1 KappaPI-actitoxin-Avd3b OS=Anemonia sulcata OX=6108 PE=1 SV=1
sp|P36992|AMBP_PLEPL      -          pdb_kunitz_rp_strali -            1.2e-27   91.9  16.2   6.1e-19   64.0   6.7   2.3   1   1   1   2   2   2   2 Protein AMBP (Fragment) OS=Pleuronectes platessa OX=8262 PE=2 SV=1
sp|Q2ES46|VKT5_DABRR      -          pdb_kunitz_rp_strali -            1.2e-27   91.8   6.2   1.4e-27   91.6   6.2   1.1   1   0   0   1   1   1   1 Kunitz-type serine protease inhibitor 5 OS=Daboia russelii OX=8707 PE=2 SV=1
sp|Q6ITB1|VKT_PSEPO       -          pdb_kunitz_rp_strali -            1.4e-27   91.6   6.4   1.6e-27   91.4   6.4   1.0   1   0   0   1   1   1   1 Kunitz-type serine protease inhibitor blackelin OS=Pseudechis porphyriacus OX=8671 PE=2 SV=1
sp|C0HJU7|VKT2G_RADCR     -          pdb_kunitz_rp_strali -            1.5e-27   91.5   4.1   1.6e-27   91.4   4.1   1.0   1   0   0   1   1   1   1 PI-stichotoxin-Hcr2g OS=Radianthus crispa OX=3122430 PE=1 SV=1
sp|P0DMJ5|VKT2E_RADCR     -          pdb_kunitz_rp_strali -            1.6e-27   91.4   4.2   1.9e-27   91.2   4.2   1.1   1   0   0   1   1   1   1 PI-stichotoxin-Hcr2e OS=Radianthus crispa OX=3122430 PE=1 SV=1
sp|Q6ITB7|VKT1_OXYSC      -          pdb_kunitz_rp_strali -            1.8e-27   91.3   4.2     2e-27   91.1   4.2   1.0   1   0   0   1   1   1   1 Kunitz-type serine protease inhibitor scutellin-1 OS=Oxyuranus scutellatus scutellatus OX=8667 PE=2 SV=1
sp|P0DV04|VKT2N_RADCR     -          pdb_kunitz_rp_strali -            2.5e-27   90.8   5.6   2.6e-27   90.8   5.6   1.0   1   0   0   1   1   1   1 PI-stichotoxin-Hcr2n OS=Radianthus crispa OX=3122430 PE=3 SV=1
sp|F8J2F5|VKT87_DRYCN     -          pdb_kunitz_rp_strali -              3e-27   90.6   6.0   3.4e-27   90.4   6.0   1.0   1   0   0   1   1   1   1 Kunitz-type serine protease inhibitor 87 OS=Drysdalia coronoides OX=66186 PE=1 SV=1
sp|B5KF95|VKT1_CRYNI      -          pdb_kunitz_rp_strali -            3.4e-27   90.4   7.5   3.8e-27   90.2   7.5   1.0   1   0   0   1   1   1   1 Kunitz-type serine protease inhibitor nigrescinin-1 OS=Cryptophis nigrescens OX=292442 PE=2 SV=1
sp|C0HLA5|MAMB2_DENVI     -          pdb_kunitz_rp_strali -            3.5e-27   90.4   9.4   3.7e-27   90.3   9.4   1.0   1   0   0   1   1   1   1 Mambaquaretin-2 OS=Dendroaspis viridis OX=8621 PE=1 SV=1
sp|C1IC50|VKT1_WALAE      -          pdb_kunitz_rp_strali -            4.9e-27   89.9   5.4   5.5e-27   89.7   5.4   1.0   1   0   0   1   1   1   1 Protease inhibitor 1 OS=Walterinnesia aegyptia OX=64182 PE=1 SV=1
sp|B5KL40|VKT3_AUSSU      -          pdb_kunitz_rp_strali -            5.1e-27   89.8   7.3   5.8e-27   89.7   7.3   1.0   1   0   0   1   1   1   1 Kunitz-type serine protease inhibitor superbin-3 OS=Austrelaps superbus OX=29156 PE=2 SV=1
sp|C0HK73|3BPI_HETMG      -          pdb_kunitz_rp_strali -            5.4e-27   89.8   3.2   5.6e-27   89.7   3.2   1.0   1   0   0   1   1   1   1 PI-stichotoxin-Hmg3b OS=Heteractis magnifica OX=38281 PE=1 SV=1
sp|P81129|VKT2_STIHL      -          pdb_kunitz_rp_strali -            5.8e-27   89.6   8.7   6.2e-27   89.6   8.7   1.0   1   0   0   1   1   1   1 PI-stichotoxin-She2b OS=Stichodactyla helianthus OX=6123 PE=1 SV=1
sp|B5L5M7|IVBI_AUSSU      -          pdb_kunitz_rp_strali -            6.2e-27   89.6   9.2   7.1e-27   89.4   9.2   1.0   1   0   0   1   1   1   1 Kunitz/BPTI-like toxin OS=Austrelaps superbus OX=29156 PE=3 SV=1
sp|C0HLA6|MAMB3_DENPO     -          pdb_kunitz_rp_strali -            6.6e-27   89.5  10.0     7e-27   89.4  10.0   1.0   1   0   0   1   1   1   1 Mambaquaretin-3 OS=Dendroaspis polylepis polylepis OX=8620 PE=1 SV=1
sp|P0DV03|VKT2M_RADCR     -          pdb_kunitz_rp_strali -            7.2e-27   89.3   3.7   7.6e-27   89.3   3.7   1.0   1   0   0   1   1   1   1 PI-stichotoxin-Hcr2m OS=Radianthus crispa OX=3122430 PE=3 SV=1
sp|B5KL37|VKT6_CRYNI      -          pdb_kunitz_rp_strali -            7.8e-27   89.2   7.1   8.8e-27   89.1   7.1   1.0   1   0   0   1   1   1   1 Kunitz-type serine protease inhibitor nigrescinin-6 OS=Cryptophis nigrescens OX=292442 PE=2 SV=1
sp|Q6T6S5|VKT2_BITGA      -          pdb_kunitz_rp_strali -            7.9e-27   89.2  11.5   9.2e-27   89.0  11.5   1.1   1   0   0   1   1   1   1 Kunitz-type serine protease inhibitor bitisilin-2 OS=Bitis gabonica OX=8694 PE=1 SV=1
sp|Q6ITC0|VKT2_PSEAU      -          pdb_kunitz_rp_strali -            8.1e-27   89.2   5.3   9.2e-27   89.0   5.3   1.0   1   0   0   1   1   1   1 Kunitz-type serine protease inhibitor mulgin-2 OS=Pseudechis australis OX=8670 PE=2 SV=1
sp|B5KL35|VKT4_CRYNI      -          pdb_kunitz_rp_strali -              1e-26   88.9   6.4   1.1e-26   88.7   6.4   1.0   1   0   0   1   1   1   1 Kunitz-type serine protease inhibitor nigrescinin-4 OS=Cryptophis nigrescens OX=292442 PE=2 SV=1
sp|C0HJF3|VKT2D_RADCR     -          pdb_kunitz_rp_strali -            1.4e-26   88.4   5.7   1.5e-26   88.4   5.7   1.0   1   0   0   1   1   1   1 TauPI-stichotoxin-Hcr2d OS=Radianthus crispa OX=3122430 PE=1 SV=1
sp|A0A6B7FA07|VKT2J_RADCR -          pdb_kunitz_rp_strali -            1.9e-26   88.0   6.8   1.9e-26   88.0   6.8   1.7   1   1   1   2   2   1   1 PI-stichotoxin-Hcr2j (Fragment) OS=Radianthus crispa OX=3122430 GN=iq4c7 PE=1 SV=1
sp|Q9TWF9|VKT2_ANESU      -          pdb_kunitz_rp_strali -              2e-26   87.9   6.3   2.3e-26   87.7   6.3   1.0   1   0   0   1   1   1   1 KappaPI-actitoxin-Avd3c OS=Anemonia sulcata OX=6108 PE=1 SV=1
sp|C1IC52|VKT2_WALAE      -          pdb_kunitz_rp_strali -            2.1e-26   87.8   5.4   2.5e-26   87.6   5.4   1.1   1   0   0   1   1   1   1 Kunitz-type serine protease inhibitor spermatin OS=Walterinnesia aegyptia OX=64182 PE=1 SV=1
sp|Q8T3S7|VKT1_ARAVE      -          pdb_kunitz_rp_strali -            2.5e-26   87.6   6.0     3e-26   87.4   6.0   1.1   1   0   0   1   1   1   1 Kunitz-type U1-aranetoxin-Av1a OS=Araneus ventricosus OX=182803 PE=3 SV=1
sp|F8J2F4|VKT16_DRYCN     -          pdb_kunitz_rp_strali -            2.6e-26   87.6   6.4     3e-26   87.4   6.4   1.0   1   0   0   1   1   1   1 Kunitz-type serine protease inhibitor 161 OS=Drysdalia coronoides OX=66186 PE=1 SV=1
sp|Q6ITB3|VKT1_NOTSC      -          pdb_kunitz_rp_strali -            2.9e-26   87.4   3.2   3.3e-26   87.2   3.2   1.0   1   0   0   1   1   1   1 Kunitz-type serine protease inhibitor tigerin-1 OS=Notechis scutatus scutatus OX=70142 PE=2 SV=1
sp|B5KL33|VKT2_TROCA      -          pdb_kunitz_rp_strali -            2.9e-26   87.4   3.2   3.3e-26   87.2   3.2   1.0   1   0   0   1   1   1   1 Kunitz-type serine protease inhibitor carinatin-2 OS=Tropidechis carinatus OX=100989 PE=2 SV=1
sp|A6MGY1|VKT7_DEMVE      -          pdb_kunitz_rp_strali -            2.9e-26   87.4   5.4   3.3e-26   87.2   5.4   1.0   1   0   0   1   1   1   1 Kunitz-type serine protease inhibitor vestiginin-7 OS=Demansia vestigiata OX=412038 PE=1 SV=1
sp|Q964Q0|IXOSP_IXOSC     -          pdb_kunitz_rp_strali -            3.1e-26   87.3  13.4   5.1e-22   73.8   2.8   2.3   2   0   0   2   2   2   2 Ixolaris OS=Ixodes scapularis OX=6945 PE=1 SV=1
sp|P00980|VKTHA_DENAN     -          pdb_kunitz_rp_strali -            3.4e-26   87.2   6.6   3.6e-26   87.1   6.6   1.0   1   0   0   1   1   1   1 Kunitz-type serine protease inhibitor homolog alpha-dendrotoxin OS=Dendroaspis angusticeps OX=8618 PE=1 SV=1
sp|E7FL11|VKT1_PSERS      -          pdb_kunitz_rp_strali -            3.6e-26   87.1   6.4     4e-26   87.0   6.4   1.0   1   0   0   1   1   1   1 Kunitz serine protease inhibitor Pr-mulgin 1 OS=Pseudechis rossignolii OX=1489342 PE=1 SV=1
sp|P00993|IBP_CARCR       -          pdb_kunitz_rp_strali -            3.7e-26   87.1   5.0   3.7e-26   87.1   5.0   2.0   2   1   0   2   2   1   1 Chelonianin OS=Caretta caretta OX=8467 PE=1 SV=1
sp|P0DL86|VKT2H_RADCR     -          pdb_kunitz_rp_strali -            3.8e-26   87.0   6.4     4e-26   87.0   6.4   1.0   1   0   0   1   1   1   1 PI-stichotoxin-Hcr2h OS=Radianthus crispa OX=3122430 PE=1 SV=1
sp|P0DN19|VKTF_ANEVI      -          pdb_kunitz_rp_strali -            4.3e-26   86.9   7.1   4.9e-26   86.7   7.1   1.1   1   0   0   1   1   1   1 U-actitoxin-Avd3r (Fragment) OS=Anemonia viridis OX=51769 PE=2 SV=1
sp|B2G331|VKT2B_RADCR     -          pdb_kunitz_rp_strali -            4.5e-26   86.8   5.2   5.5e-26   86.5   5.2   1.1   1   0   0   1   1   1   1 TauPI-stichotoxin-Hcr2b OS=Radianthus crispa OX=3122430 PE=1 SV=1
sp|P81547|VKT1_ANTAF      -          pdb_kunitz_rp_strali -            4.6e-26   86.8   7.3   5.2e-26   86.6   7.3   1.0   1   0   0   1   1   1   1 PI-actitoxin-Axm2a OS=Anthopleura aff. xanthogrammica OX=152178 PE=1 SV=1
sp|E7FL12|VKT2_PSERS      -          pdb_kunitz_rp_strali -            5.3e-26   86.6   5.2     6e-26   86.4   5.2   1.0   1   0   0   1   1   1   1 Kunitz serine protease inhibitor Pr-mulgin 2 OS=Pseudechis rossignolii OX=1489342 PE=2 SV=1
sp|P0DV06|VKT2P_RADCR     -          pdb_kunitz_rp_strali -              6e-26   86.4   4.5   6.3e-26   86.3   4.5   1.0   1   0   0   1   1   1   1 PI-stichotoxin-Hcr2p OS=Radianthus crispa OX=3122430 PE=3 SV=1
sp|Q9GP15|IRCPI_IXORI     -          pdb_kunitz_rp_strali -            7.2e-26   86.1   6.4   8.9e-26   85.9   6.4   1.1   1   0   0   1   1   1   1 Kunitz-type anticoagulant protein Ir-CPI OS=Ixodes ricinus OX=34613 GN=CPI PE=2 SV=1
sp|P0DN17|VKTD_ANEVI      -          pdb_kunitz_rp_strali -            7.8e-26   86.0   7.1   9.7e-26   85.7   7.1   1.1   1   0   0   1   1   1   1 U-actitoxin-Avd3p OS=Anemonia viridis OX=51769 PE=3 SV=1
sp|C0HLA9|MAMB6_DENVI     -          pdb_kunitz_rp_strali -            8.3e-26   86.0   7.7   8.8e-26   85.9   7.7   1.0   1   0   0   1   1   1   1 Mambaquaretin-6 OS=Dendroaspis viridis OX=8621 PE=1 SV=1
sp|B4ESA3|VKT2L_BUNMU     -          pdb_kunitz_rp_strali -            8.5e-26   85.9   6.4   9.7e-26   85.7   6.4   1.0   1   0   0   1   1   1   1 Kunitz-type serine protease inhibitor PILP-2 OS=Bungarus multicinctus OX=8616 PE=3 SV=1
sp|E7FL13|VKT3_PSERS      -          pdb_kunitz_rp_strali -            8.7e-26   85.9   6.7   9.9e-26   85.7   6.7   1.0   1   0   0   1   1   1   1 Kunitz serine protease inhibitor Pr-mulgin 3 OS=Pseudechis rossignolii OX=1489342 PE=2 SV=1
sp|B5KL34|VKT3_CRYNI      -          pdb_kunitz_rp_strali -            9.6e-26   85.8   5.8   1.1e-25   85.6   5.8   1.0   1   0   0   1   1   1   1 Kunitz-type serine protease inhibitor nigrescinin-3 OS=Cryptophis nigrescens OX=292442 PE=2 SV=1
sp|P79307|A4_PIG          -          pdb_kunitz_rp_strali -              1e-25   85.7   5.5     2e-25   84.7   5.5   1.5   1   0   0   1   1   1   1 Amyloid-beta precursor protein OS=Sus scrofa OX=9823 GN=APP PE=2 SV=2
sp|A6MGX9|VKT5_DEMVE      -          pdb_kunitz_rp_strali -              1e-25   85.7   5.1   1.2e-25   85.5   5.1   1.0   1   0   0   1   1   1   1 Kunitz-type serine protease inhibitor vestiginin-5 OS=Demansia vestigiata OX=412038 PE=2 SV=1
sp|A0A3G2FQK2|3DPD_HETMG  -          pdb_kunitz_rp_strali -            1.2e-25   85.4   7.5   1.2e-25   85.4   7.5   1.7   1   1   1   2   2   1   1 PI-stichotoxin-Hmg3d (Fragment) OS=Heteractis magnifica OX=38281 PE=1 SV=1
sp|A8Y7N6|VKTC3_DABSI     -          pdb_kunitz_rp_strali -            1.4e-25   85.3   8.4   1.5e-25   85.1   8.4   1.0   1   0   0   1   1   1   1 Kunitz-type serine protease inhibitor C3 OS=Daboia siamensis OX=343250 PE=2 SV=1
sp|B5KL30|VKT4_OXYSC      -          pdb_kunitz_rp_strali -            1.4e-25   85.2   3.3   1.6e-25   85.1   3.3   1.0   1   0   0   1   1   1   1 Kunitz-type serine protease inhibitor scutellin-4 OS=Oxyuranus scutellatus scutellatus OX=8667 PE=2 SV=1
sp|P25660|VKT9_BUNFA      -          pdb_kunitz_rp_strali -              2e-25   84.7   8.1   2.2e-25   84.6   8.1   1.0   1   0   0   1   1   1   1 Kunitz-type serine protease inhibitor IX OS=Bungarus fasciatus OX=8613 PE=1 SV=1
sp|P0DN20|VKTG_ANEVI      -          pdb_kunitz_rp_strali -            2.1e-25   84.7   6.4   2.5e-25   84.4   6.4   1.1   1   0   0   1   1   1   1 U-actitoxin-Avd3s (Fragment) OS=Anemonia viridis OX=51769 PE=2 SV=1
sp|P0DMJ2|VKT3C_ACTEQ     -          pdb_kunitz_rp_strali -            2.9e-25   84.2   7.9   3.4e-25   84.0   7.9   1.0   1   0   0   1   1   1   1 PI-actitoxin-Aeq3c OS=Actinia equina OX=6106 PE=1 SV=1
sp|P0C5J5|WFKN1_RAT       -          pdb_kunitz_rp_strali -            4.2e-25   83.7   2.5   9.8e-21   69.7   0.3   2.9   2   0   0   2   2   2   2 WAP, Kazal, immunoglobulin, Kunitz and NTR domain-containing protein 1 OS=Rattus norvegicus OX=10116 GN=Wfikkn1 PE=2 SV=1
sp|P00979|VKTH1_DENPO     -          pdb_kunitz_rp_strali -            4.6e-25   83.6   6.9   5.2e-25   83.4   6.9   1.0   1   0   0   1   1   1   1 Kunitz-type serine protease inhibitor homolog dendrotoxin I OS=Dendroaspis polylepis polylepis OX=8620 PE=1 SV=2
sp|P12111|CO6A3_HUMAN     -          pdb_kunitz_rp_strali -            4.7e-25   83.5   5.5   9.9e-25   82.5   5.5   1.6   1   0   0   1   1   1   1 Collagen alpha-3(VI) chain OS=Homo sapiens OX=9606 GN=COL6A3 PE=1 SV=5
sp|Q8R0S6|WFKN1_MOUSE     -          pdb_kunitz_rp_strali -            6.6e-25   83.1   3.7   8.3e-21   69.9   0.4   2.9   2   0   0   2   2   2   2 WAP, Kazal, immunoglobulin, Kunitz and NTR domain-containing protein 1 OS=Mus musculus OX=10090 GN=Wfikkn1 PE=2 SV=2
sp|A8Y7N5|VKTC2_DABSI     -          pdb_kunitz_rp_strali -            7.5e-25   82.9   6.4   8.6e-25   82.7   6.4   1.0   1   0   0   1   1   1   1 Kunitz-type serine protease inhibitor C2 OS=Daboia siamensis OX=343250 PE=2 SV=1
sp|F6ULY1|WFC6B_MOUSE     -          pdb_kunitz_rp_strali -            9.9e-25   82.5   0.8   2.3e-24   81.3   0.8   1.6   1   0   0   1   1   1   1 WAP four-disulfide core domain protein 6B OS=Mus musculus OX=10090 GN=Wfdc6b PE=2 SV=1
sp|A7X3V4|VKT1_TELDH      -          pdb_kunitz_rp_strali -              1e-24   82.4  10.5   1.2e-24   82.2  10.5   1.1   1   0   0   1   1   1   1 Kunitz-type serine protease inhibitor kunitoxin-Tel1 OS=Telescopus dhara OX=338837 PE=2 SV=1
sp|B1B5I8|VKT3_STIHA      -          pdb_kunitz_rp_strali -            1.5e-24   81.9   5.9     2e-24   81.5   5.9   1.1   1   0   0   1   1   1   1 KappaPI-stichotoxin-Shd2a OS=Stichodactyla haddoni OX=475174 PE=1 SV=1
sp|A8Y7P5|VKTB5_DABSI     -          pdb_kunitz_rp_strali -            1.5e-24   81.9   6.5   1.7e-24   81.7   6.5   1.1   1   0   0   1   1   1   1 Kunitz-type serine protease inhibitor B5 OS=Daboia siamensis OX=343250 PE=2 SV=1
sp|Q8AY45|VKBH2_BUNCA     -          pdb_kunitz_rp_strali -            1.6e-24   81.8   6.3   1.9e-24   81.6   6.3   1.0   1   0   0   1   1   1   1 Kunitz-type serine protease inhibitor homolog beta-bungarotoxin B2a chain OS=Bungarus candidus OX=92438 PE=2 SV=2
sp|P0DMJ3|VKTI1_ANTFU     -          pdb_kunitz_rp_strali -            1.7e-24   81.7   7.6   1.8e-24   81.7   7.6   1.0   1   0   0   1   1   1   1 PI-actitoxin-Afv2a OS=Anthopleura fuscoviridis OX=6111 PE=1 SV=1
sp|P15943|APLP2_RAT       -          pdb_kunitz_rp_strali -            1.7e-24   81.7   3.2   1.7e-24   81.7   3.2   1.9   2   0   0   2   2   1   1 Amyloid beta precursor like protein 2 OS=Rattus norvegicus OX=10116 GN=Aplp2 PE=1 SV=2
sp|Q29428|TKDP1_SHEEP     -          pdb_kunitz_rp_strali -            2.8e-24   81.1   5.8   4.6e-24   80.4   5.8   1.3   1   0   0   1   1   1   1 Trophoblast Kunitz domain protein 1 OS=Ovis aries OX=9940 GN=TKDP1 PE=2 SV=1
sp|H6VC05|VKTK1_DABRR     -          pdb_kunitz_rp_strali -            3.3e-24   80.8   9.5   3.9e-24   80.6   9.5   1.1   1   0   0   1   1   1   1 Kunitz-type serine protease inhibitor DrKIn-I OS=Daboia russelii OX=8707 PE=1 SV=1
sp|A8Y7P6|VKTB6_DABSI     -          pdb_kunitz_rp_strali -            3.8e-24   80.6   9.2   4.3e-24   80.5   9.2   1.0   1   0   0   1   1   1   1 Kunitz-type serine protease inhibitor B6 OS=Daboia siamensis OX=343250 PE=2 SV=1
sp|C8YJ95|KUN3_TABYA      -          pdb_kunitz_rp_strali -            4.3e-24   80.5   8.5   4.9e-24   80.3   8.5   1.0   1   0   0   1   1   1   1 Tabkunin 2 OS=Tabanus yao OX=485572 PE=1 SV=1
sp|Q29100|UPTI_PIG        -          pdb_kunitz_rp_strali -            5.2e-24   80.2   6.3   5.2e-24   80.2   6.3   1.4   2   0   0   2   2   1   1 Uterine plasmin/trypsin inhibitor OS=Sus scrofa OX=9823 PE=1 SV=1
sp|A8Y7P0|VKTB7_DABSI     -          pdb_kunitz_rp_strali -            5.3e-24   80.2   8.9   6.1e-24   80.0   8.9   1.0   1   0   0   1   1   1   1 Kunitz-type serine protease inhibitor 7 OS=Daboia siamensis OX=343250 PE=2 SV=1
sp|Q2ES50|VKT1_DABRR      -          pdb_kunitz_rp_strali -            5.3e-24   80.2   8.9   6.1e-24   80.0   8.9   1.0   1   0   0   1   1   1   1 Kunitz-type serine protease inhibitor 1 OS=Daboia russelii OX=8707 PE=2 SV=1
sp|B5KL29|VKT3_OXYSC      -          pdb_kunitz_rp_strali -            5.9e-24   80.0   4.3   6.7e-24   79.9   4.3   1.0   1   0   0   1   1   1   1 Kunitz-type serine protease inhibitor scutellin-3 OS=Oxyuranus scutellatus scutellatus OX=8667 PE=2 SV=1
sp|A8Y7P3|VKTB3_DABSI     -          pdb_kunitz_rp_strali -            6.1e-24   80.0   7.0   6.9e-24   79.8   7.0   1.0   1   0   0   1   1   1   1 Kunitz-type serine protease inhibitor B3 OS=Daboia siamensis OX=343250 PE=2 SV=1
sp|Q90W96|VKT6_PSETT      -          pdb_kunitz_rp_strali -            6.6e-24   79.9   5.2   7.5e-24   79.7   5.2   1.0   1   0   0   1   1   1   1 Kunitz-type serine protease inhibitor textilinin-6 OS=Pseudonaja textilis textilis OX=169397 PE=2 SV=1
sp|P0C8W3|VKT11_HOFGE     -          pdb_kunitz_rp_strali -            7.3e-24   79.7   7.6   8.7e-24   79.5   7.6   1.1   1   0   0   1   1   1   1 Kunitz-type serine protease inhibitor Hg1 OS=Hoffmannihadrurus gertschi OX=380989 PE=1 SV=1
sp|B5M0W4|SV66_SIMVI      -          pdb_kunitz_rp_strali -            7.5e-24   79.7   7.9   9.4e-24   79.4   7.9   1.1   1   0   0   1   1   1   1 Simukunin OS=Simulium vittatum OX=7192 PE=1 SV=1
sp|B4ESA4|VKT3L_BUNMU     -          pdb_kunitz_rp_strali -            8.1e-24   79.6  10.3   9.2e-24   79.4  10.3   1.0   1   0   0   1   1   1   1 Kunitz-type serine protease inhibitor PILP-3 OS=Bungarus multicinctus OX=8616 PE=3 SV=1
sp|D4A2Z2|EPPI_RAT        -          pdb_kunitz_rp_strali -            8.5e-24   79.5   8.8   2.3e-23   78.1   8.8   1.8   1   0   0   1   1   1   1 Eppin OS=Rattus norvegicus OX=10116 GN=Eppin PE=3 SV=1
sp|P0DQQ9|VKT1_PALCA      -          pdb_kunitz_rp_strali -            9.3e-24   79.4   9.3     1e-23   79.3   9.3   1.0   1   0   0   1   1   1   1 Kunitz-like toxin PcKuz1 OS=Palythoa caribaeorum OX=134933 PE=3 SV=1
sp|P81548|VKT2_ANTAF      -          pdb_kunitz_rp_strali -            1.5e-23   78.7   9.2   1.6e-23   78.6   9.2   1.0   1   0   0   1   1   1   1 PI-actitoxin-Axm2b OS=Anthopleura aff. xanthogrammica OX=152178 PE=1 SV=1
sp|P26228|SBPI_SARBU      -          pdb_kunitz_rp_strali -            1.9e-23   78.4   6.3   2.2e-23   78.2   6.3   1.0   1   0   0   1   1   1   1 Protease inhibitor OS=Sarcophaga bullata OX=7385 PE=1 SV=1
sp|F5GTK6|VKGUA_SIMGU     -          pdb_kunitz_rp_strali -            2.9e-23   77.8   8.3   4.4e-23   77.2   8.3   1.3   1   0   0   1   1   1   1 Guianensin OS=Simulium guianense OX=445764 PE=1 SV=1
sp|B5KL28|VKT4_OXYMI      -          pdb_kunitz_rp_strali -            4.2e-23   77.3   4.1   4.8e-23   77.1   4.1   1.0   1   0   0   1   1   1   1 Kunitz-type serine protease inhibitor microlepidin-4 OS=Oxyuranus microlepidotus OX=111177 PE=2 SV=1
sp|D5J9Q8|VKT5_BUNFL      -          pdb_kunitz_rp_strali -            4.3e-23   77.3   9.8   4.9e-23   77.1   9.8   1.0   1   0   0   1   1   1   1 Kunitz-type serine protease inhibitor isoform 5 OS=Bungarus flaviceps flaviceps OX=8615 PE=3 SV=1
sp|P0DJ46|VKT21_LYCMC     -          pdb_kunitz_rp_strali -            5.7e-23   76.9   7.2   6.8e-23   76.6   7.2   1.1   1   0   0   1   1   1   1 Kunitz-type serine protease inhibitor LmKTT-1a OS=Lychas mucronatus OX=172552 PE=1 SV=1
sp|P15989|CO6A3_CHICK     -          pdb_kunitz_rp_strali -            7.5e-23   76.5   3.8   1.9e-22   75.2   3.8   1.7   1   0   0   1   1   1   1 Collagen alpha-3(VI) chain OS=Gallus gallus OX=9031 GN=COL6A3 PE=2 SV=2
sp|Q7T2Q6|VKTHB_BUNFL     -          pdb_kunitz_rp_strali -            7.6e-23   76.5   9.2   8.6e-23   76.3   9.2   1.0   1   0   0   1   1   1   1 Kunitz-type serine protease inhibitor homolog beta-bungarotoxin B chain OS=Bungarus flaviceps flaviceps OX=8615 PE=1 SV=1
sp|P82966|VKTCI_OPHHA     -          pdb_kunitz_rp_strali -              8e-23   76.4   5.7     9e-23   76.2   5.7   1.0   1   0   0   1   1   1   1 Kunitz-type serine protease inhibitor OS=Ophiophagus hannah OX=8665 PE=1 SV=2
sp|A7X3V7|VKT1_PHIOL      -          pdb_kunitz_rp_strali -            8.6e-23   76.3   6.3     1e-22   76.0   6.3   1.1   1   0   0   1   1   1   1 Kunitz-type serine protease inhibitor kunitoxin-Phi1 OS=Philodryas olfersii OX=120305 PE=2 SV=1
sp|B5L5R6|IVBI3_HOPST     -          pdb_kunitz_rp_strali -            9.6e-23   76.1   5.0   1.1e-22   76.0   5.0   1.0   1   0   0   1   1   1   1 Stephenin-3 OS=Hoplocephalus stephensii OX=196418 PE=3 SV=2
sp|B2KTG3|VKTH2_BUNFA     -          pdb_kunitz_rp_strali -            1.3e-22   75.7   9.5   1.5e-22   75.5   9.5   1.0   1   0   0   1   1   1   1 Kunitz-type serine protease inhibitor homolog beta-bungarotoxin BF B2 chain OS=Bungarus fasciatus OX=8613 PE=2 SV=1
sp|Q0PL65|VKTH7_BUNMU     -          pdb_kunitz_rp_strali -            2.2e-22   75.0  11.0   2.4e-22   74.9  11.0   1.0   1   0   0   1   1   1   1 Kunitz-type serine protease inhibitor homolog beta-bungarotoxin B5-B chain OS=Bungarus multicinctus OX=8616 PE=2 SV=1
sp|P82968|MCPI_MELCP      -          pdb_kunitz_rp_strali -            2.4e-22   74.9   8.5   2.4e-22   74.9   8.5   2.4   3   0   0   3   3   1   1 Four-domain proteases inhibitor OS=Melithaea caledonica OX=156534 PE=1 SV=1
sp|Q9BDL1|EPPI_MACMU      -          pdb_kunitz_rp_strali -            4.1e-22   74.1   7.9   9.5e-22   73.0   7.9   1.6   1   0   0   1   1   1   1 Eppin OS=Macaca mulatta OX=9544 GN=EPPIN PE=2 SV=1
sp|P86959|KCP1_PINMA      -          pdb_kunitz_rp_strali -            6.6e-22   73.5   9.5   1.2e-21   72.7   9.5   1.4   1   0   0   1   1   1   1 BPTI/Kunitz domain-containing protein 1 OS=Pinctada maxima OX=104660 PE=1 SV=1
sp|P19859|VKTCI_NAJNA     -          pdb_kunitz_rp_strali -            6.7e-22   73.4   9.5   7.1e-22   73.4   9.5   1.0   1   0   0   1   1   1   1 Kunitz-type serine protease inhibitor OS=Naja naja OX=35670 PE=1 SV=1
sp|D2Y491|VKT1D_CONCL     -          pdb_kunitz_rp_strali -            7.8e-22   73.2   4.9   8.3e-22   73.1   4.9   1.0   1   0   0   1   1   1   1 Kunitz-type serine protease inhibitor conotoxin Cal9.1d (Fragment) OS=Californiconus californicus OX=1736779 PE=2 SV=1
sp|Q29143|ELAC_TRIVU      -          pdb_kunitz_rp_strali -            8.3e-22   73.1   3.2   1.2e-21   72.7   3.2   1.2   1   0   0   1   1   1   1 Early lactation protein OS=Trichosurus vulpecula OX=9337 GN=ELP PE=1 SV=1
sp|Q4KUS1|WFDC8_MOUSE     -          pdb_kunitz_rp_strali -            1.1e-21   72.8   5.0   1.1e-21   72.8   5.0   2.7   2   0   0   2   2   1   1 WAP four-disulfide core domain protein 8 OS=Mus musculus OX=10090 GN=Wfdc8 PE=2 SV=1
sp|G3LH89|VKT_BOMIG       -          pdb_kunitz_rp_strali -            1.6e-21   72.2   4.9   1.9e-21   72.0   4.9   1.1   1   0   0   1   1   1   1 Kunitz-type serine protease inhibitor Bi-KTI OS=Bombus ignitus OX=130704 PE=2 SV=1
sp|H2A0M2|KCP1_PINMG      -          pdb_kunitz_rp_strali -            1.6e-21   72.2  10.1   2.7e-21   71.5  10.1   1.4   1   0   0   1   1   1   1 BPTI/Kunitz domain-containing protein 1 OS=Margaritifera margaritifera OX=102329 PE=1 SV=1
sp|P00983|MAMB7_DENPO     -          pdb_kunitz_rp_strali -            2.1e-21   71.8   6.7   2.2e-21   71.8   6.7   1.0   1   0   0   1   1   1   1 Mambaquaretin-7 OS=Dendroaspis polylepis polylepis OX=8620 PE=1 SV=1
sp|Q589G4|VKT19_ANOSM     -          pdb_kunitz_rp_strali -            3.2e-21   71.2   2.3   3.6e-21   71.1   2.3   1.0   1   0   0   1   1   1   1 Kunitz-type serine protease inhibitor As-fr-19 OS=Anoplius samariensis OX=200614 PE=1 SV=1
sp|H2A0N5|KCP3_PINMG      -          pdb_kunitz_rp_strali -            9.7e-21   69.7  27.0   6.3e-11   38.3  10.3   2.2   1   1   1   2   2   2   2 BPTI/Kunitz domain-containing protein 3 OS=Margaritifera margaritifera OX=102329 PE=1 SV=1
sp|P68425|VKT1A_CYRSC     -          pdb_kunitz_rp_strali -            1.3e-20   69.3   8.0   1.5e-20   69.1   8.0   1.1   1   0   0   1   1   1   1 Kunitz-type kappaPI-theraphotoxin-Hs1a OS=Cyriopagopus schmidti OX=29017 PE=1 SV=2
sp|P0DJ47|VKT12_OLIMR     -          pdb_kunitz_rp_strali -            1.8e-20   68.8  11.4   2.2e-20   68.6  11.4   1.0   1   0   0   1   1   1   1 Kunitz-type serine protease inhibitor BmKTT-3 OS=Olivierus martensii OX=34649 PE=2 SV=1
sp|P10832|ISC2_BOMMO      -          pdb_kunitz_rp_strali -            2.3e-20   68.5   8.3   2.5e-20   68.4   8.3   1.1   1   0   0   1   1   1   1 Chymotrypsin inhibitor SCI-II OS=Bombyx mori OX=7091 PE=1 SV=1
sp|P0DJ76|VKT4_CYRSC      -          pdb_kunitz_rp_strali -            2.6e-20   68.4   8.1   3.4e-20   68.0   8.1   1.1   1   0   0   1   1   1   1 Kunitz-type kappaPI-theraphotoxin-Hs1e OS=Cyriopagopus schmidti OX=29017 PE=3 SV=1
sp|P0DJ66|VKT17_CYRHA     -          pdb_kunitz_rp_strali -            2.6e-20   68.4   9.7   3.9e-20   67.8   9.7   1.2   1   0   0   1   1   1   1 Kunitz-type serine protease inhibitor HNTX-03141017 (Fragment) OS=Cyriopagopus hainanus OX=209901 PE=2 SV=1
sp|Q1RPS8|VKTH6_BUNMU     -          pdb_kunitz_rp_strali -            2.7e-20   68.3  10.1   3.2e-20   68.1  10.1   1.1   1   0   0   1   1   1   1 Kunitz-type serine protease inhibitor homolog beta-bungarotoxin B6 chain OS=Bungarus multicinctus OX=8616 PE=3 SV=1
sp|P10831|ISC1_BOMMO      -          pdb_kunitz_rp_strali -            3.3e-20   68.0   7.8   3.6e-20   67.9   7.8   1.1   1   0   0   1   1   1   1 Chymotrypsin inhibitor SCI-I OS=Bombyx mori OX=7091 PE=1 SV=1
sp|Q8T0W4|VKT2_PIMHY      -          pdb_kunitz_rp_strali -            4.7e-20   67.5   3.1     6e-20   67.2   3.1   1.2   1   0   0   1   1   1   1 Kunitz-type serine protease inhibitor cvp2 OS=Pimpla hypochondriaca OX=135724 PE=1 SV=1
sp|O95428|PPN_HUMAN       -          pdb_kunitz_rp_strali -            5.4e-20   67.3   4.4   2.5e-19   65.2   4.4   2.2   1   0   0   1   1   1   1 Papilin OS=Homo sapiens OX=9606 GN=PAPLN PE=1 SV=4
sp|P11424|IMAP_DROFU      -          pdb_kunitz_rp_strali -            9.1e-20   66.6   3.4   9.9e-20   66.5   3.4   1.1   1   0   0   1   1   1   1 Male accessory gland serine protease inhibitor OS=Drosophila funebris OX=7221 GN=PapD PE=1 SV=1
sp|D2Y2Q7|VKTP1_CYRHA     -          pdb_kunitz_rp_strali -            2.2e-19   65.4   5.8   2.6e-19   65.2   5.8   1.1   1   0   0   1   1   1   1 Kunitz-type U15-theraphotoxin-Hhn1p OS=Cyriopagopus hainanus OX=209901 PE=3 SV=1
sp|D2Y2G1|VKTJ1_CYRHA     -          pdb_kunitz_rp_strali -            2.4e-19   65.3   6.4   2.8e-19   65.0   6.4   1.1   1   0   0   1   1   1   1 Kunitz-type U15-theraphotoxin-Hhn1j OS=Cyriopagopus hainanus OX=209901 PE=3 SV=1
sp|P81906|ISPI2_GALME     -          pdb_kunitz_rp_strali -            3.2e-19   64.9   1.1   3.6e-19   64.7   1.1   1.0   1   0   0   1   1   1   1 Inducible serine protease inhibitor 2 (Fragment) OS=Galleria mellonella OX=7137 PE=1 SV=1
sp|D2Y2Q8|VKTQ1_CYRHA     -          pdb_kunitz_rp_strali -            3.4e-19   64.8   6.1   4.1e-19   64.5   6.1   1.1   1   0   0   1   1   1   1 Kunitz-type U15-theraphotoxin-Hhn1q OS=Cyriopagopus hainanus OX=209901 PE=3 SV=1
sp|Q75S49|VKTH4_BUNCA     -          pdb_kunitz_rp_strali -            6.3e-19   63.9   8.2   7.5e-19   63.7   8.2   1.1   1   0   0   1   1   1   1 Kunitz-type serine protease inhibitor homolog beta-bungarotoxin B4 chain (Fragment) OS=Bungarus candidus OX=92438 PE=2 SV=1
sp|P0DJ82|VKT27_CYRSC     -          pdb_kunitz_rp_strali -            7.8e-19   63.6   9.9   9.4e-19   63.4   9.9   1.1   1   0   0   1   1   1   1 Kunitz-type kappaPI-theraphotoxin-Hs1c OS=Cyriopagopus schmidti OX=29017 PE=3 SV=1
sp|P07481|ISC3_BOMMO      -          pdb_kunitz_rp_strali -              1e-18   63.3   7.3   1.2e-18   63.1   7.3   1.1   1   0   0   1   1   1   1 Chymotrypsin inhibitor SCI-III OS=Bombyx mori OX=7091 PE=1 SV=1
sp|G9I929|VKTA_MICTN      -          pdb_kunitz_rp_strali -            1.2e-18   63.0   8.3   1.4e-18   62.8   8.3   1.1   1   0   0   1   1   1   1 Kunitz-type neurotoxin MitTx-alpha OS=Micrurus tener tener OX=1114302 PE=1 SV=1
sp|Q9W728|VKTH3_BUNMU     -          pdb_kunitz_rp_strali -            1.5e-18   62.7   8.9   1.8e-18   62.5   8.9   1.1   1   0   0   1   1   1   1 Kunitz-type serine protease inhibitor homolog beta-bungarotoxin B3 chain OS=Bungarus multicinctus OX=8616 PE=2 SV=1
sp|B2ZBC0|VKTG9_CYRSC     -          pdb_kunitz_rp_strali -              2e-18   62.3   3.0   2.5e-18   62.0   3.0   1.1   1   0   0   1   1   1   1 Kunitz-type U15-theraphotoxin-Hs1c OS=Cyriopagopus schmidti OX=29017 PE=3 SV=1
sp|P00987|VKTH1_BUNMU     -          pdb_kunitz_rp_strali -            2.5e-18   62.0   8.5   2.9e-18   61.8   8.5   1.1   1   0   0   1   1   1   1 Kunitz-type serine protease inhibitor homolog beta-bungarotoxin B1 chain, major component OS=Bungarus multicinctus OX=8616 PE=1 SV=2
sp|B4ESA2|VKT1L_BUNMU     -          pdb_kunitz_rp_strali -              6e-18   60.8   6.0   6.7e-18   60.6   6.0   1.0   1   0   0   1   1   1   1 Kunitz-type serine protease inhibitor PILP-1 OS=Bungarus multicinctus OX=8616 PE=3 SV=1
sp|D2Y2Q6|VKTO1_CYRHA     -          pdb_kunitz_rp_strali -            6.2e-18   60.7   4.5   7.4e-18   60.5   4.5   1.1   1   0   0   1   1   1   1 Kunitz-type U15-theraphotoxin-Hhn1o OS=Cyriopagopus hainanus OX=209901 PE=3 SV=1
sp|P0DJ85|VKT45_CYRSC     -          pdb_kunitz_rp_strali -            7.1e-18   60.6   2.0   8.6e-18   60.3   2.0   1.1   1   0   0   1   1   1   1 Kunitz-type U15-theraphotoxin-Hs1f OS=Cyriopagopus schmidti OX=29017 PE=3 SV=1
sp|P0DJ79|VKT13_CYRSC     -          pdb_kunitz_rp_strali -            7.4e-18   60.5   3.3     9e-18   60.2   3.3   1.1   1   0   0   1   1   1   1 Kunitz-type U15-theraphotoxin-Hs1d OS=Cyriopagopus schmidti OX=29017 PE=3 SV=1
sp|B2ZBB8|VKT33_CYRSC     -          pdb_kunitz_rp_strali -            7.9e-18   60.4   3.4   9.7e-18   60.1   3.4   1.1   1   0   0   1   1   1   1 Kunitz-type U15-theraphotoxin-Hs1a OS=Cyriopagopus schmidti OX=29017 PE=3 SV=1
sp|P0DJ75|VKT2_CYRSC      -          pdb_kunitz_rp_strali -            7.9e-18   60.4   3.4   9.7e-18   60.1   3.4   1.1   1   0   0   1   1   1   1 Kunitz-type U15-theraphotoxin-Hs1a OS=Cyriopagopus schmidti OX=29017 PE=3 SV=1
sp|P0DJ70|VKT53_CYRHA     -          pdb_kunitz_rp_strali -            1.5e-17   59.6   3.7   1.8e-17   59.3   3.7   1.1   1   0   0   1   1   1   1 Kunitz-type U15-theraphotoxin-Hhn1a OS=Cyriopagopus hainanus OX=209901 PE=3 SV=1
sp|P0DJ67|VKT34_CYRHA     -          pdb_kunitz_rp_strali -            1.7e-17   59.3   3.5   2.1e-17   59.0   3.5   1.1   1   0   0   1   1   1   1 Kunitz-type U15-theraphotoxin-Hhn1c OS=Cyriopagopus hainanus OX=209901 PE=3 SV=1
sp|D2Y2F8|VKTG1_CYRHA     -          pdb_kunitz_rp_strali -            1.8e-17   59.2   3.7   2.2e-17   59.0   3.7   1.1   1   0   0   1   1   1   1 Kunitz-type U15-theraphotoxin-Hhn1g OS=Cyriopagopus hainanus OX=209901 PE=3 SV=1
sp|Q63870|CO7A1_MOUSE     -          pdb_kunitz_rp_strali -              2e-17   59.1   1.5     4e-17   58.2   1.5   1.4   1   0   0   1   1   1   1 Collagen alpha-1(VII) chain OS=Mus musculus OX=10090 GN=Col7a1 PE=1 SV=3
sp|P0DJ71|VKT35_CYRHA     -          pdb_kunitz_rp_strali -            2.4e-17   58.8   4.8     3e-17   58.6   4.8   1.1   1   0   0   1   1   1   1 Kunitz-type U15-theraphotoxin-Hhn1d OS=Cyriopagopus hainanus OX=209901 PE=3 SV=1
sp|P0DJ69|VKT52_CYRHA     -          pdb_kunitz_rp_strali -            2.4e-17   58.8   4.9   3.1e-17   58.5   4.9   1.1   1   0   0   1   1   1   1 Kunitz-type serine protease inhibitor HNTX-852 (Fragment) OS=Cyriopagopus hainanus OX=209901 PE=2 SV=1
sp|P0DJ74|VKT76_CYRHA     -          pdb_kunitz_rp_strali -            2.4e-17   58.8   4.9   3.1e-17   58.5   4.9   1.1   1   0   0   1   1   1   1 Kunitz-type serine protease inhibitor HNTX-0109076 (Fragment) OS=Cyriopagopus hainanus OX=209901 PE=2 SV=1
sp|B2ZBB9|VKTG6_CYRSC     -          pdb_kunitz_rp_strali -              3e-17   58.5   4.5   3.7e-17   58.2   4.5   1.1   1   0   0   1   1   1   1 Kunitz-type U15-theraphotoxin-Hs1b OS=Cyriopagopus schmidti OX=29017 PE=3 SV=1
sp|Q2UY09|COSA1_HUMAN     -          pdb_kunitz_rp_strali -            6.7e-17   57.4   6.3   1.2e-16   56.6   6.3   1.4   1   0   0   1   1   1   1 Collagen alpha-1(XXVIII) chain OS=Homo sapiens OX=9606 GN=COL28A1 PE=1 SV=2
sp|D2Y2F9|VKTH1_CYRHA     -          pdb_kunitz_rp_strali -            1.7e-16   56.1   4.1   2.1e-16   55.9   4.1   1.1   1   0   0   1   1   1   1 Kunitz-type U15-theraphotoxin-Hhn1h OS=Cyriopagopus hainanus OX=209901 PE=3 SV=1
sp|P0DJ81|VKT24_CYRSC     -          pdb_kunitz_rp_strali -            1.1e-15   53.6   1.9   1.3e-15   53.3   1.9   1.1   1   0   0   1   1   1   1 Kunitz-type U15-theraphotoxin-Hs1e OS=Cyriopagopus schmidti OX=29017 PE=3 SV=1
sp|D2Y2G2|VKTK1_CYRHA     -          pdb_kunitz_rp_strali -            2.3e-15   52.5   4.7   2.8e-15   52.2   4.7   1.1   1   0   0   1   1   1   1 Kunitz-type U15-theraphotoxin-Hhn1k OS=Cyriopagopus hainanus OX=209901 PE=3 SV=1
sp|D2Y2G0|VKTI1_CYRHA     -          pdb_kunitz_rp_strali -            2.5e-15   52.4   3.9   3.1e-15   52.1   3.9   1.1   1   0   0   1   1   1   1 Kunitz-type U15-theraphotoxin-Hhn1i OS=Cyriopagopus hainanus OX=209901 PE=3 SV=1
sp|P0DMW8|VKT33_ACTEQ     -          pdb_kunitz_rp_strali -            4.3e-15   51.7   3.3   4.5e-15   51.6   3.3   1.0   1   0   0   1   1   1   1 Kunitz-type proteinase inhibitor AEPI-III (Fragment) OS=Actinia equina OX=6106 PE=1 SV=1
sp|M9PE65|AXO_DROME       -          pdb_kunitz_rp_strali -            2.1e-14   49.4   7.6   7.1e-14   47.7   7.6   2.0   1   0   0   1   1   1   1 Axotactin OS=Drosophila melanogaster OX=7227 GN=axo PE=1 SV=1
sp|Q2ES49|VKT2_DABRR      -          pdb_kunitz_rp_strali -            5.7e-13   44.9   6.3   6.9e-13   44.6   6.3   1.1   1   0   0   1   1   1   1 Kunitz-type serine protease inhibitor 2 OS=Daboia russelii OX=8707 PE=2 SV=1
sp|D9IFL3|KUN1_RHIHE      -          pdb_kunitz_rp_strali -            2.1e-11   39.8   4.2   4.3e-11   38.8   4.2   1.4   1   0   0   1   1   1   1 Anticoagulant protein rhipilin-1 OS=Rhipicephalus haemaphysaloides OX=237073 PE=2 SV=1
sp|P0CH75|VKT25_CYRHA     -          pdb_kunitz_rp_strali -            1.1e-10   37.5   1.0   1.3e-10   37.3   1.0   1.1   1   0   0   1   1   1   1 Kunitz-type serine protease inhibitor hainantoxin F7-25.66 (Fragment) OS=Cyriopagopus hainanus OX=209901 PE=1 SV=1
sp|P86963|KCP2_PINMA      -          pdb_kunitz_rp_strali -            7.8e-07   25.2  14.3   3.5e-06   23.1  10.1   3.5   2   1   1   3   3   2   1 BPTI/Kunitz domain-containing protein 2 OS=Pinctada maxima OX=104660 PE=1 SV=1
sp|A0A1Q1NL17|HA11_HYAAI  -          pdb_kunitz_rp_strali -            0.00043   16.4   5.7    0.0012   15.0   5.7   1.6   1   1   0   1   1   1   1 Kunitz-type anticoagulant protein HA11 OS=Hyalomma asiaticum OX=266040 GN=HA11 PE=2 SV=1
sp|O62247|BLI5_CAEEL      -          pdb_kunitz_rp_strali -            0.00047   16.3   0.4    0.0014   14.7   0.4   2.0   1   0   0   1   1   1   1 Kunitz-type protein bli-5 OS=Caenorhabditis elegans OX=6239 GN=bli-5 PE=1 SV=1
#
# Program:         hmmsearch
# Version:         3.3.2 (Nov 2020)
# Pipeline mode:   SEARCH
# Query file:      pdb_kunitz_rp_strali.hmm
# Target file:     pos_2.fasta
# Option settings: hmmsearch --tblout pos_2_strali.out --max -Z 1000 pdb_kunitz_rp_strali.hmm pos_2.fasta 
# Current dir:     /home/mohsin32525/kk
# Date:            Wed May 21 00:25:50 2025
# [ok]
